L1TCalorimeter Sequence configured for Stage-1 (2015) trigger. 
L1TMuon Sequence configured for Legacy trigger (Run1 and Run 2015). 
L1TGlobal Sequence configured for Legacy trigger (Run1 and Run 2015). 
L1TCalorimeter Conditions configured for Stage-1 (2015) trigger. 
# Conditions read from  CMS_CONDITIONS  via FrontierProd 
DEBUG 2016-04-08 21:03:05,456: 	 Executing command: 'submit'
DEBUG 2016-04-08 21:03:05,457: 	 Found CRAB cache file /uscms/home/dildick/.crab3
DEBUG 2016-04-08 21:03:05,476: 	 Checking credentials
DEBUG 2016-04-08 21:03:05,476: 	 Found proxy file /tmp/x509up_u47566
DEBUG 2016-04-08 21:03:05,476: 	 Getting proxy life time left
DEBUG 2016-04-08 21:03:05,579: 	 Executing : 
 command : voms-proxy-info -file /tmp/x509up_u47566 -timeleft
 output : 62469

 error: 
 retcode : 0
DEBUG 2016-04-08 21:03:05,682: 	 Executing : 
 command : voms-proxy-info -file /tmp/x509up_u47566 -actimeleft
 output : 62469

 error: 
 retcode : 0
DEBUG 2016-04-08 21:03:05,682: 	 Proxy valid for 17:21:09 hours
INFO 2016-04-08 21:03:05,683: 	 Will use CRAB configuration file crab_L1.py
DEBUG 2016-04-08 21:03:05,683: 	 Loading CRAB configuration file.
DEBUG 2016-04-08 21:03:05,696: 	 Will use CRAB Analysis plugin (i.e. will run an analysis job type).
DEBUG 2016-04-08 21:03:05,895: 	 Executing : 
 command : openssl x509 -in ~/.globus/usercert.pem -subject -noout
 output : subject= /DC=ch/DC=cern/OU=Organic Units/OU=Users/CN=dildick/CN=710593/CN=Sven Dildick

 error: 
 retcode : 0
DEBUG 2016-04-08 21:03:05,895: 	 Checking credentials
DEBUG 2016-04-08 21:03:05,895: 	 Found proxy file /tmp/x509up_u47566
DEBUG 2016-04-08 21:03:05,895: 	 Getting proxy life time left
DEBUG 2016-04-08 21:03:05,999: 	 Executing : 
 command : voms-proxy-info -file /tmp/x509up_u47566 -timeleft
 output : 62469

 error: 
 retcode : 0
DEBUG 2016-04-08 21:03:06,102: 	 Executing : 
 command : voms-proxy-info -file /tmp/x509up_u47566 -actimeleft
 output : 62468

 error: 
 retcode : 0
DEBUG 2016-04-08 21:03:06,102: 	 Proxy valid for 17:21:09 hours
DEBUG 2016-04-08 21:03:06,206: 	 Executing : 
 command : env X509_USER_PROXY=/tmp/x509up_u47566 voms-proxy-info -fqan
 output : /cms/Role=NULL/Capability=NULL
/cms/becms/Role=NULL/Capability=NULL
/cms/uscms/Role=NULL/Capability=NULL

 error: 
 retcode : 0
DEBUG 2016-04-08 21:03:07,319: 	 Registering user credentials for server /DC=ch/DC=cern/OU=computers/CN=vocms(045|052|021|031|0118|0118a|0119).cern.ch
DEBUG 2016-04-08 21:03:07,429: 	 Executing : 
 command : openssl x509 -in ~/.globus/usercert.pem -subject -noout
 output : subject= /DC=ch/DC=cern/OU=Organic Units/OU=Users/CN=dildick/CN=710593/CN=Sven Dildick

 error: 
 retcode : 0
DEBUG 2016-04-08 21:03:07,429: 	 Getting myproxy life time left for myproxy.cern.ch
DEBUG 2016-04-08 21:03:07,429: 	 Calculating hash of /DC=ch/DC=cern/OU=Organic Units/OU=Users/CN=dildick/CN=710593/CN=Sven Dildick_cmsweb.cern.ch for credential name
DEBUG 2016-04-08 21:03:08,734: 	 Executing : 
 command : myproxy-info -l e2139b447a1eb8f7d1b6ecf24ebb437edcb71c93 -s myproxy.cern.ch
 output : username: e2139b447a1eb8f7d1b6ecf24ebb437edcb71c93
owner: /DC=ch/DC=cern/OU=Organic Units/OU=Users/CN=dildick/CN=710593/CN=Sven Dildick
  renewal policy: /DC=ch/DC=cern/OU=computers/CN=vocms(045|052|021|031|0118|0118a|0119).cern.ch
  trusted retrieval policy: /DC=ch/DC=cern/OU=computers/CN=vocms(045|052|021|031|0118|0118a|0119).cern.ch
  timeleft: 547:30:57  (22.8 days)

 error: 
 retcode : 0
DEBUG 2016-04-08 21:03:08,736: 	 Myproxy is valid: 1971057
DEBUG 2016-04-08 21:03:08,736: 	 Command use: submit
DEBUG 2016-04-08 21:03:08,736: 	 Options use: ['-c', 'crab_L1.py']
DEBUG 2016-04-08 21:03:09,846: 	 CRABClient version: 3.3.1603.patch1
DEBUG 2016-04-08 21:03:09,846: 	 Instance is prod
DEBUG 2016-04-08 21:03:09,847: 	 Server base url is cmsweb.cern.ch
DEBUG 2016-04-08 21:03:09,847: 	 Command url /crabserver/prod/workflow
DEBUG 2016-04-08 21:03:09,847: 	 Started submission
DEBUG 2016-04-08 21:03:09,847: 	 Working on /uscms_data/d3/dildick/work/PR13364/CMSSW_8_1_0_pre2/src/CrabJobs/crab_projects/crab_SingleMuPt2-50Fwd_L1_ForPR13364
DEBUG 2016-04-08 21:03:11,164: 	 Loading required information from the environment
DEBUG 2016-04-08 21:03:11,164: 	 Found CMSSW_8_1_0_pre2 for slc6_amd64_gcc530 with base /uscms_data/d3/dildick/work/PR13364/CMSSW_8_1_0_pre2
DEBUG 2016-04-08 21:03:11,191: 	 UNIQUE NAME: tarUUID fe08b02a-18be-47d2-91b6-c7d8e9a8e927 
DEBUG 2016-04-08 21:03:11,191: 	 self.config: from WMCore.Configuration import Configuration
config = Configuration()
config.section_('General')
config.General.transferLogs = True
config.General.transferOutputs = True
config.General.workArea = 'crab_projects'
config.General.requestName = 'SingleMuPt2-50Fwd_L1_ForPR13364'
config.section_('JobType')
config.JobType.psetName = 'SingleMuPt2-50Fwd_cfi_DIGI_L1.py'
config.JobType.pluginName = 'Analysis'
config.section_('Data')
config.Data.inputDataset = '/SingleMuPt2-50Fwd_GEN_SIM_ForPR13364/dildick-SingleMuPt2-50Fwd_DIGI_ForPR13364-32c6d4d00e8ebd04df8770f060496d8c/USER'
config.Data.outputDatasetTag = 'SingleMuPt2-50Fwd_L1_ForPR13364'
config.Data.publication = True
config.Data.unitsPerJob = 1
config.Data.inputDBS = 'phys03'
config.Data.splitting = 'FileBased'
config.Data.outLFNDirBase = '/store/user/dildick/'
config.section_('Site')
config.Site.storageSite = 'T3_US_FNALLPC'
config.section_('User')
config.section_('Debug')

DEBUG 2016-04-08 21:03:11,191: 	 self.config.JobType.psetName: SingleMuPt2-50Fwd_cfi_DIGI_L1.py
INFO 2016-04-08 21:03:11,192: 	 Importing CMSSW configuration SingleMuPt2-50Fwd_cfi_DIGI_L1.py
INFO 2016-04-08 21:03:14,178: 	 Finished importing CMSSW configuration SingleMuPt2-50Fwd_cfi_DIGI_L1.py
DEBUG 2016-04-08 21:03:14,178: 	 Writing CMSSW configuration to /uscms_data/d3/dildick/work/PR13364/CMSSW_8_1_0_pre2/src/CrabJobs/crab_projects/crab_SingleMuPt2-50Fwd_L1_ForPR13364/inputs/PSet.py
DEBUG 2016-04-08 21:03:15,186: 	 The following EDM output files will be collected: ['out_l1.root']
DEBUG 2016-04-08 21:03:15,186: 	 The following TFile output files will be collected: []
DEBUG 2016-04-08 21:03:15,186: 	 The following user output files will be collected: []
DEBUG 2016-04-08 21:03:15,186: 	 Loading required information from the environment
DEBUG 2016-04-08 21:03:15,186: 	 Found CMSSW_8_1_0_pre2 for slc6_amd64_gcc530 with base /uscms_data/d3/dildick/work/PR13364/CMSSW_8_1_0_pre2
DEBUG 2016-04-08 21:03:15,186: 	 Making tarball in /uscms_data/d3/dildick/work/PR13364/CMSSW_8_1_0_pre2/src/CrabJobs/crab_projects/crab_SingleMuPt2-50Fwd_L1_ForPR13364/inputs/fe08b02a-18be-47d2-91b6-c7d8e9a8e927default.tgz
DEBUG 2016-04-08 21:03:15,199: 	 Checking directory /uscms_data/d3/dildick/work/PR13364/CMSSW_8_1_0_pre2/lib
DEBUG 2016-04-08 21:03:15,199: 	 Adding directory /uscms_data/d3/dildick/work/PR13364/CMSSW_8_1_0_pre2/lib to tarball
DEBUG 2016-04-08 21:03:16,042: 	 Checking directory /uscms_data/d3/dildick/work/PR13364/CMSSW_8_1_0_pre2/biglib
DEBUG 2016-04-08 21:03:16,042: 	 Adding directory /uscms_data/d3/dildick/work/PR13364/CMSSW_8_1_0_pre2/biglib to tarball
DEBUG 2016-04-08 21:03:16,044: 	 Checking directory /uscms_data/d3/dildick/work/PR13364/CMSSW_8_1_0_pre2/module
DEBUG 2016-04-08 21:03:18,979: 	 Adding data directory /uscms_data/d3/dildick/work/PR13364/CMSSW_8_1_0_pre2/src/MuJetAnalysis/AnalysisTools/interface to tarball
DEBUG 2016-04-08 21:03:19,160: 	 Adding data directory /uscms_data/d3/dildick/work/PR13364/CMSSW_8_1_0_pre2/src/MuJetAnalysis/DataFormats/interface to tarball
DEBUG 2016-04-08 21:03:20,345: 	 Adding data directory /uscms_data/d3/dildick/work/PR13364/CMSSW_8_1_0_pre2/src/DataFormats/TrackReco/interface to tarball
DEBUG 2016-04-08 21:03:21,168: 	 Adding data directory /uscms_data/d3/dildick/work/PR13364/CMSSW_8_1_0_pre2/src/GEMCode/GEMValidation/interface to tarball
DEBUG 2016-04-08 21:03:21,461: 	 Adding data directory /uscms_data/d3/dildick/work/PR13364/CMSSW_8_1_0_pre2/src/GEMCode/SimMuL1/interface to tarball
DEBUG 2016-04-08 21:03:21,882: 	 Uploading archive /uscms_data/d3/dildick/work/PR13364/CMSSW_8_1_0_pre2/src/CrabJobs/crab_projects/crab_SingleMuPt2-50Fwd_L1_ForPR13364/inputs/fe08b02a-18be-47d2-91b6-c7d8e9a8e927default.tgz to the CRAB cache. Using URI https://cmsweb.cern.ch/crabcache
DEBUG 2016-04-08 21:03:26,063: 	 Result uploading input files: 105b2dd6c2776defbc41729a87bbc833e1fe099bf1b39ee0fd3b2fd339b69a8f.tar.gz 
INFO 2016-04-08 21:03:26,064: 	 Sending the request to the server
DEBUG 2016-04-08 21:03:26,064: 	 Submitting {'maxjobruntime': 1250, 'ignorelocality': 0, 'savelogsflag': 1, 'useparent': 0, 'asyncdest': 'T3_US_FNALLPC', 'algoargs': 1, 'cachefilename': '105b2dd6c2776defbc41729a87bbc833e1fe099bf1b39ee0fd3b2fd339b69a8f.tar.gz', 'numcores': 1, 'addoutputfiles': [], 'generator': 'pythia', 'maxmemory': 2000, 'publishdbsurl': 'https://cmsweb.cern.ch/dbs/prod/phys03/DBSWriter', 'priority': 10, 'jobsw': 'CMSSW_8_1_0_pre2', 'edmoutfiles': ['out_l1.root'], 'userfiles': [], 'primarydataset': '', 'inputdata': '/SingleMuPt2-50Fwd_GEN_SIM_ForPR13364/dildick-SingleMuPt2-50Fwd_DIGI_ForPR13364-32c6d4d00e8ebd04df8770f060496d8c/USER', 'lfn': '/store/user/dildick/', 'dryrun': 0, 'workflow': 'crab_SingleMuPt2-50Fwd_L1_ForPR13364', 'adduserfiles': [], 'nonprodsw': 0, 'tfileoutfiles': [], 'oneEventMode': 0, 'cacheurl': 'https://cmsweb.cern.ch/crabcache', 'saveoutput': 1, 'publication': 1, 'jobarch': 'slc6_amd64_gcc530', 'totalunits': 0, 'splitalgo': 'FileBased', 'nonvaliddata': 0, 'dbsurl': 'https://cmsweb.cern.ch/dbs/prod/phys03/DBSReader', 'publishgroupname': 0, 'jobtype': 'Analysis', 'publishname2': 'SingleMuPt2-50Fwd_L1_ForPR13364'} 
DEBUG 2016-04-08 21:03:26,064: 	 Encoded submit request: maxjobruntime=1250&ignorelocality=0&savelogsflag=1&useparent=0&asyncdest=T3_US_FNALLPC&algoargs=1&cachefilename=105b2dd6c2776defbc41729a87bbc833e1fe099bf1b39ee0fd3b2fd339b69a8f.tar.gz&numcores=1&generator=pythia&maxmemory=2000&publishdbsurl=https%3A%2F%2Fcmsweb.cern.ch%2Fdbs%2Fprod%2Fphys03%2FDBSWriter&priority=10&jobsw=CMSSW_8_1_0_pre2&primarydataset=&inputdata=%2FSingleMuPt2-50Fwd_GEN_SIM_ForPR13364%2Fdildick-SingleMuPt2-50Fwd_DIGI_ForPR13364-32c6d4d00e8ebd04df8770f060496d8c%2FUSER&lfn=%2Fstore%2Fuser%2Fdildick%2F&dryrun=0&workflow=crab_SingleMuPt2-50Fwd_L1_ForPR13364&nonprodsw=0&oneEventMode=0&cacheurl=https%3A%2F%2Fcmsweb.cern.ch%2Fcrabcache&saveoutput=1&publication=1&jobarch=slc6_amd64_gcc530&totalunits=0&splitalgo=FileBased&nonvaliddata=0&dbsurl=https%3A%2F%2Fcmsweb.cern.ch%2Fdbs%2Fprod%2Fphys03%2FDBSReader&publishgroupname=0&jobtype=Analysis&publishname2=SingleMuPt2-50Fwd_L1_ForPR13364&edmoutfiles=out_l1.root
DEBUG 2016-04-08 21:03:28,338: 	 Result: {'result': [{'RequestName': '160409_020327:dildick_crab_SingleMuPt2-50Fwd_L1_ForPR13364'}]}
INFO 2016-04-08 21:03:28,340: 	 Success: Your task has been delivered to the CRAB3 server.
INFO 2016-04-08 21:03:28,341: 	 Task name: 160409_020327:dildick_crab_SingleMuPt2-50Fwd_L1_ForPR13364
INFO 2016-04-08 21:03:28,341: 	 Please use 'crab status' to check how the submission process proceeds.
DEBUG 2016-04-08 21:03:28,341: 	 About to return
INFO 2016-04-08 21:03:28,346: 	 Log file is /uscms_data/d3/dildick/work/PR13364/CMSSW_8_1_0_pre2/src/CrabJobs/crab_projects/crab_SingleMuPt2-50Fwd_L1_ForPR13364/crab.log
DEBUG 2016-04-08 21:06:26,598: 	 Executing command: 'status'
DEBUG 2016-04-08 21:06:26,600: 	 Found CRAB cache file /uscms/home/dildick/.crab3
DEBUG 2016-04-08 21:06:26,668: 	 Checking credentials
DEBUG 2016-04-08 21:06:26,668: 	 Found proxy file /tmp/x509up_u47566
DEBUG 2016-04-08 21:06:26,668: 	 Getting proxy life time left
DEBUG 2016-04-08 21:06:26,871: 	 Executing : 
 command : voms-proxy-info -file /tmp/x509up_u47566 -timeleft
 output : 62268

 error: 
 retcode : 0
DEBUG 2016-04-08 21:06:27,075: 	 Executing : 
 command : voms-proxy-info -file /tmp/x509up_u47566 -actimeleft
 output : 62267

 error: 
 retcode : 0
DEBUG 2016-04-08 21:06:27,075: 	 Proxy valid for 17:17:48 hours
DEBUG 2016-04-08 21:06:27,320: 	 Executing : 
 command : openssl x509 -in ~/.globus/usercert.pem -subject -noout
 output : subject= /DC=ch/DC=cern/OU=Organic Units/OU=Users/CN=dildick/CN=710593/CN=Sven Dildick

 error: 
 retcode : 0
DEBUG 2016-04-08 21:06:27,320: 	 Checking credentials
DEBUG 2016-04-08 21:06:27,321: 	 Found proxy file /tmp/x509up_u47566
DEBUG 2016-04-08 21:06:27,321: 	 Getting proxy life time left
DEBUG 2016-04-08 21:06:27,524: 	 Executing : 
 command : voms-proxy-info -file /tmp/x509up_u47566 -timeleft
 output : 62267

 error: 
 retcode : 0
DEBUG 2016-04-08 21:06:27,728: 	 Executing : 
 command : voms-proxy-info -file /tmp/x509up_u47566 -actimeleft
 output : 62267

 error: 
 retcode : 0
DEBUG 2016-04-08 21:06:27,728: 	 Proxy valid for 17:17:47 hours
DEBUG 2016-04-08 21:06:29,006: 	 Registering user credentials for server /DC=ch/DC=cern/OU=computers/CN=vocms(045|052|021|031|0118|0118a|0119).cern.ch
DEBUG 2016-04-08 21:06:29,150: 	 Executing : 
 command : openssl x509 -in ~/.globus/usercert.pem -subject -noout
 output : subject= /DC=ch/DC=cern/OU=Organic Units/OU=Users/CN=dildick/CN=710593/CN=Sven Dildick

 error: 
 retcode : 0
DEBUG 2016-04-08 21:06:29,151: 	 Getting myproxy life time left for myproxy.cern.ch
DEBUG 2016-04-08 21:06:29,151: 	 Calculating hash of /DC=ch/DC=cern/OU=Organic Units/OU=Users/CN=dildick/CN=710593/CN=Sven Dildick_cmsweb.cern.ch for credential name
DEBUG 2016-04-08 21:06:30,556: 	 Executing : 
 command : myproxy-info -l e2139b447a1eb8f7d1b6ecf24ebb437edcb71c93 -s myproxy.cern.ch
 output : username: e2139b447a1eb8f7d1b6ecf24ebb437edcb71c93
owner: /DC=ch/DC=cern/OU=Organic Units/OU=Users/CN=dildick/CN=710593/CN=Sven Dildick
  renewal policy: /DC=ch/DC=cern/OU=computers/CN=vocms(045|052|021|031|0118|0118a|0119).cern.ch
  trusted retrieval policy: /DC=ch/DC=cern/OU=computers/CN=vocms(045|052|021|031|0118|0118a|0119).cern.ch
  timeleft: 547:27:35  (22.8 days)

 error: 
 retcode : 0
DEBUG 2016-04-08 21:06:30,558: 	 Myproxy is valid: 1970855
DEBUG 2016-04-08 21:06:30,558: 	 Command use: status
DEBUG 2016-04-08 21:06:30,558: 	 Options use: ['-d', 'crab_projects/crab_SingleMuPt2-50Fwd_L1_ForPR13364/']
DEBUG 2016-04-08 21:06:31,636: 	 CRABClient version: 3.3.1603.patch1
DEBUG 2016-04-08 21:06:31,636: 	 Instance is prod
DEBUG 2016-04-08 21:06:31,636: 	 Server base url is cmsweb.cern.ch
DEBUG 2016-04-08 21:06:31,636: 	 Command url /crabserver/prod/workflow
DEBUG 2016-04-08 21:06:31,636: 	 Looking up detailed status of task 160409_020327:dildick_crab_SingleMuPt2-50Fwd_L1_ForPR13364
DEBUG 2016-04-08 21:06:34,408: 	 {'status': 'SUBMITTED', 'schedd': 'crab3-2@vocms0109.cern.ch', 'jobsPerStatus': {'idle': 262, 'unsubmitted': 238}, 'jobs': {'344': {'State': 'unsubmitted'}, '345': {'State': 'unsubmitted'}, '346': {'State': 'unsubmitted'}, '347': {'State': 'unsubmitted'}, '340': {'State': 'unsubmitted'}, '341': {'State': 'unsubmitted'}, '342': {'State': 'unsubmitted'}, '343': {'State': 'unsubmitted'}, '348': {'State': 'unsubmitted'}, '349': {'State': 'unsubmitted'}, '298': {'State': 'unsubmitted'}, '299': {'State': 'unsubmitted'}, '296': {'State': 'unsubmitted'}, '297': {'State': 'unsubmitted'}, '294': {'State': 'unsubmitted'}, '295': {'State': 'unsubmitted'}, '292': {'State': 'unsubmitted'}, '293': {'State': 'unsubmitted'}, '290': {'State': 'unsubmitted'}, '291': {'State': 'unsubmitted'}, '199': {'State': 'idle'}, '198': {'State': 'idle'}, '195': {'State': 'idle'}, '194': {'State': 'idle'}, '197': {'State': 'idle'}, '196': {'State': 'idle'}, '191': {'State': 'idle'}, '190': {'State': 'idle'}, '193': {'State': 'idle'}, '192': {'State': 'idle'}, '270': {'State': 'unsubmitted'}, '271': {'State': 'unsubmitted'}, '272': {'State': 'unsubmitted'}, '273': {'State': 'unsubmitted'}, '274': {'State': 'unsubmitted'}, '275': {'State': 'unsubmitted'}, '276': {'State': 'unsubmitted'}, '277': {'State': 'unsubmitted'}, '278': {'State': 'unsubmitted'}, '279': {'State': 'unsubmitted'}, '449': {'State': 'unsubmitted'}, '448': {'State': 'unsubmitted'}, '443': {'State': 'unsubmitted'}, '442': {'State': 'unsubmitted'}, '441': {'State': 'unsubmitted'}, '440': {'State': 'unsubmitted'}, '447': {'State': 'unsubmitted'}, '446': {'State': 'unsubmitted'}, '445': {'State': 'unsubmitted'}, '444': {'State': 'unsubmitted'}, '108': {'State': 'idle'}, '109': {'State': 'idle'}, '102': {'State': 'idle'}, '103': {'State': 'idle'}, '100': {'State': 'idle'}, '101': {'State': 'idle'}, '106': {'State': 'idle'}, '107': {'State': 'idle'}, '104': {'State': 'idle'}, '105': {'State': 'idle'}, '39': {'State': 'idle'}, '38': {'State': 'idle'}, '33': {'State': 'idle'}, '32': {'State': 'idle'}, '31': {'State': 'idle'}, '30': {'State': 'idle'}, '37': {'State': 'idle'}, '36': {'State': 'idle'}, '35': {'State': 'idle'}, '34': {'State': 'idle'}, '438': {'State': 'unsubmitted'}, '439': {'State': 'unsubmitted'}, '436': {'State': 'unsubmitted'}, '437': {'State': 'unsubmitted'}, '434': {'State': 'unsubmitted'}, '435': {'State': 'unsubmitted'}, '432': {'State': 'unsubmitted'}, '433': {'State': 'unsubmitted'}, '430': {'State': 'unsubmitted'}, '431': {'State': 'unsubmitted'}, '339': {'State': 'unsubmitted'}, '338': {'State': 'unsubmitted'}, '335': {'State': 'unsubmitted'}, '334': {'State': 'unsubmitted'}, '337': {'State': 'unsubmitted'}, '336': {'State': 'unsubmitted'}, '331': {'State': 'unsubmitted'}, '330': {'State': 'unsubmitted'}, '333': {'State': 'unsubmitted'}, '332': {'State': 'unsubmitted'}, '6': {'State': 'idle'}, '99': {'State': 'idle'}, '98': {'State': 'idle'}, '91': {'State': 'idle'}, '90': {'State': 'idle'}, '93': {'State': 'idle'}, '92': {'State': 'idle'}, '95': {'State': 'idle'}, '94': {'State': 'idle'}, '97': {'State': 'idle'}, '96': {'State': 'idle'}, '238': {'State': 'idle'}, '239': {'State': 'idle'}, '234': {'State': 'idle'}, '235': {'State': 'idle'}, '236': {'State': 'idle'}, '237': {'State': 'idle'}, '230': {'State': 'idle'}, '231': {'State': 'idle'}, '232': {'State': 'idle'}, '233': {'State': 'idle'}, '1': {'State': 'idle'}, '146': {'State': 'unsubmitted'}, '147': {'State': 'idle'}, '144': {'State': 'idle'}, '145': {'State': 'idle'}, '142': {'State': 'idle'}, '143': {'State': 'idle'}, '140': {'State': 'idle'}, '141': {'State': 'idle'}, '148': {'State': 'idle'}, '149': {'State': 'idle'}, '133': {'State': 'idle'}, '132': {'State': 'idle'}, '131': {'State': 'idle'}, '130': {'State': 'idle'}, '137': {'State': 'idle'}, '136': {'State': 'idle'}, '135': {'State': 'idle'}, '134': {'State': 'idle'}, '494': {'State': 'unsubmitted'}, '495': {'State': 'unsubmitted'}, '139': {'State': 'idle'}, '138': {'State': 'idle'}, '490': {'State': 'unsubmitted'}, '491': {'State': 'unsubmitted'}, '492': {'State': 'unsubmitted'}, '493': {'State': 'unsubmitted'}, '24': {'State': 'idle'}, '25': {'State': 'idle'}, '26': {'State': 'idle'}, '27': {'State': 'idle'}, '20': {'State': 'idle'}, '21': {'State': 'unsubmitted'}, '22': {'State': 'idle'}, '23': {'State': 'idle'}, '28': {'State': 'idle'}, '29': {'State': 'idle'}, '407': {'State': 'unsubmitted'}, '406': {'State': 'unsubmitted'}, '405': {'State': 'unsubmitted'}, '404': {'State': 'unsubmitted'}, '403': {'State': 'unsubmitted'}, '402': {'State': 'unsubmitted'}, '401': {'State': 'unsubmitted'}, '400': {'State': 'unsubmitted'}, '409': {'State': 'unsubmitted'}, '408': {'State': 'unsubmitted'}, '379': {'State': 'unsubmitted'}, '378': {'State': 'unsubmitted'}, '371': {'State': 'unsubmitted'}, '370': {'State': 'unsubmitted'}, '373': {'State': 'unsubmitted'}, '372': {'State': 'unsubmitted'}, '375': {'State': 'unsubmitted'}, '374': {'State': 'unsubmitted'}, '377': {'State': 'unsubmitted'}, '376': {'State': 'unsubmitted'}, '393': {'State': 'unsubmitted'}, '392': {'State': 'unsubmitted'}, '88': {'State': 'idle'}, '89': {'State': 'idle'}, '397': {'State': 'unsubmitted'}, '396': {'State': 'unsubmitted'}, '395': {'State': 'unsubmitted'}, '394': {'State': 'unsubmitted'}, '82': {'State': 'idle'}, '181': {'State': 'idle'}, '80': {'State': 'idle'}, '81': {'State': 'idle'}, '86': {'State': 'idle'}, '87': {'State': 'idle'}, '84': {'State': 'idle'}, '85': {'State': 'unsubmitted'}, '7': {'State': 'idle'}, '245': {'State': 'idle'}, '244': {'State': 'idle'}, '247': {'State': 'idle'}, '246': {'State': 'idle'}, '241': {'State': 'idle'}, '240': {'State': 'idle'}, '243': {'State': 'idle'}, '242': {'State': 'idle'}, '249': {'State': 'idle'}, '248': {'State': 'idle'}, '458': {'State': 'unsubmitted'}, '459': {'State': 'unsubmitted'}, '450': {'State': 'unsubmitted'}, '451': {'State': 'unsubmitted'}, '452': {'State': 'unsubmitted'}, '453': {'State': 'unsubmitted'}, '454': {'State': 'unsubmitted'}, '455': {'State': 'unsubmitted'}, '456': {'State': 'unsubmitted'}, '457': {'State': 'unsubmitted'}, '179': {'State': 'idle'}, '178': {'State': 'idle'}, '177': {'State': 'idle'}, '176': {'State': 'idle'}, '175': {'State': 'idle'}, '174': {'State': 'idle'}, '173': {'State': 'idle'}, '172': {'State': 'idle'}, '171': {'State': 'idle'}, '170': {'State': 'idle'}, '182': {'State': 'idle'}, '183': {'State': 'idle'}, '180': {'State': 'idle'}, '2': {'State': 'idle'}, '186': {'State': 'idle'}, '187': {'State': 'idle'}, '184': {'State': 'idle'}, '185': {'State': 'idle'}, '188': {'State': 'idle'}, '189': {'State': 'idle'}, '11': {'State': 'idle'}, '10': {'State': 'idle'}, '13': {'State': 'idle'}, '12': {'State': 'idle'}, '15': {'State': 'idle'}, '14': {'State': 'idle'}, '17': {'State': 'idle'}, '16': {'State': 'idle'}, '19': {'State': 'idle'}, '18': {'State': 'idle'}, '322': {'State': 'unsubmitted'}, '323': {'State': 'unsubmitted'}, '320': {'State': 'unsubmitted'}, '321': {'State': 'unsubmitted'}, '326': {'State': 'unsubmitted'}, '327': {'State': 'unsubmitted'}, '324': {'State': 'unsubmitted'}, '325': {'State': 'unsubmitted'}, '328': {'State': 'unsubmitted'}, '329': {'State': 'unsubmitted'}, '201': {'State': 'idle'}, '200': {'State': 'idle'}, '203': {'State': 'idle'}, '202': {'State': 'idle'}, '205': {'State': 'idle'}, '204': {'State': 'idle'}, '207': {'State': 'idle'}, '206': {'State': 'idle'}, '209': {'State': 'idle'}, '208': {'State': 'idle'}, '77': {'State': 'idle'}, '76': {'State': 'idle'}, '75': {'State': 'idle'}, '74': {'State': 'idle'}, '73': {'State': 'idle'}, '72': {'State': 'idle'}, '71': {'State': 'idle'}, '70': {'State': 'idle'}, '79': {'State': 'idle'}, '78': {'State': 'idle'}, '8': {'State': 'idle'}, '120': {'State': 'idle'}, '121': {'State': 'idle'}, '122': {'State': 'idle'}, '123': {'State': 'idle'}, '124': {'State': 'idle'}, '125': {'State': 'idle'}, '126': {'State': 'idle'}, '127': {'State': 'idle'}, '128': {'State': 'idle'}, '129': {'State': 'idle'}, '414': {'State': 'unsubmitted'}, '415': {'State': 'unsubmitted'}, '416': {'State': 'unsubmitted'}, '417': {'State': 'unsubmitted'}, '410': {'State': 'unsubmitted'}, '411': {'State': 'unsubmitted'}, '412': {'State': 'unsubmitted'}, '413': {'State': 'unsubmitted'}, '498': {'State': 'unsubmitted'}, '418': {'State': 'unsubmitted'}, '419': {'State': 'unsubmitted'}, '499': {'State': 'unsubmitted'}, '319': {'State': 'unsubmitted'}, '318': {'State': 'unsubmitted'}, '313': {'State': 'unsubmitted'}, '312': {'State': 'unsubmitted'}, '311': {'State': 'unsubmitted'}, '310': {'State': 'unsubmitted'}, '317': {'State': 'unsubmitted'}, '316': {'State': 'unsubmitted'}, '315': {'State': 'unsubmitted'}, '314': {'State': 'unsubmitted'}, '496': {'State': 'unsubmitted'}, '497': {'State': 'unsubmitted'}, '3': {'State': 'idle'}, '368': {'State': 'unsubmitted'}, '369': {'State': 'unsubmitted'}, '366': {'State': 'unsubmitted'}, '367': {'State': 'unsubmitted'}, '364': {'State': 'unsubmitted'}, '365': {'State': 'unsubmitted'}, '362': {'State': 'unsubmitted'}, '363': {'State': 'unsubmitted'}, '360': {'State': 'unsubmitted'}, '361': {'State': 'unsubmitted'}, '380': {'State': 'unsubmitted'}, '381': {'State': 'unsubmitted'}, '382': {'State': 'unsubmitted'}, '383': {'State': 'unsubmitted'}, '384': {'State': 'unsubmitted'}, '385': {'State': 'unsubmitted'}, '386': {'State': 'unsubmitted'}, '387': {'State': 'unsubmitted'}, '388': {'State': 'unsubmitted'}, '389': {'State': 'unsubmitted'}, '60': {'State': 'idle'}, '61': {'State': 'idle'}, '258': {'State': 'idle'}, '259': {'State': 'idle'}, '64': {'State': 'idle'}, '65': {'State': 'idle'}, '66': {'State': 'idle'}, '67': {'State': 'idle'}, '252': {'State': 'idle'}, '69': {'State': 'idle'}, '250': {'State': 'idle'}, '251': {'State': 'idle'}, '256': {'State': 'idle'}, '257': {'State': 'idle'}, '254': {'State': 'idle'}, '255': {'State': 'idle'}, '500': {'State': 'unsubmitted'}, '469': {'State': 'unsubmitted'}, '468': {'State': 'unsubmitted'}, '465': {'State': 'unsubmitted'}, '464': {'State': 'unsubmitted'}, '467': {'State': 'unsubmitted'}, '466': {'State': 'unsubmitted'}, '461': {'State': 'unsubmitted'}, '460': {'State': 'unsubmitted'}, '463': {'State': 'unsubmitted'}, '462': {'State': 'unsubmitted'}, '168': {'State': 'idle'}, '169': {'State': 'idle'}, '164': {'State': 'idle'}, '165': {'State': 'idle'}, '166': {'State': 'idle'}, '167': {'State': 'idle'}, '160': {'State': 'idle'}, '161': {'State': 'idle'}, '162': {'State': 'idle'}, '163': {'State': 'idle'}, '9': {'State': 'idle'}, '357': {'State': 'unsubmitted'}, '356': {'State': 'unsubmitted'}, '355': {'State': 'unsubmitted'}, '354': {'State': 'unsubmitted'}, '353': {'State': 'unsubmitted'}, '352': {'State': 'unsubmitted'}, '351': {'State': 'unsubmitted'}, '350': {'State': 'unsubmitted'}, '359': {'State': 'unsubmitted'}, '358': {'State': 'unsubmitted'}, '216': {'State': 'idle'}, '217': {'State': 'idle'}, '214': {'State': 'idle'}, '215': {'State': 'idle'}, '212': {'State': 'idle'}, '213': {'State': 'idle'}, '210': {'State': 'idle'}, '211': {'State': 'idle'}, '218': {'State': 'idle'}, '219': {'State': 'idle'}, '289': {'State': 'unsubmitted'}, '288': {'State': 'unsubmitted'}, '4': {'State': 'idle'}, '281': {'State': 'unsubmitted'}, '280': {'State': 'unsubmitted'}, '283': {'State': 'unsubmitted'}, '282': {'State': 'unsubmitted'}, '285': {'State': 'unsubmitted'}, '284': {'State': 'unsubmitted'}, '287': {'State': 'unsubmitted'}, '286': {'State': 'unsubmitted'}, '263': {'State': 'idle'}, '262': {'State': 'idle'}, '261': {'State': 'idle'}, '260': {'State': 'idle'}, '267': {'State': 'unsubmitted'}, '266': {'State': 'idle'}, '265': {'State': 'idle'}, '264': {'State': 'idle'}, '269': {'State': 'unsubmitted'}, '268': {'State': 'unsubmitted'}, '59': {'State': 'idle'}, '58': {'State': 'idle'}, '55': {'State': 'idle'}, '54': {'State': 'idle'}, '57': {'State': 'idle'}, '56': {'State': 'idle'}, '51': {'State': 'idle'}, '62': {'State': 'idle'}, '53': {'State': 'idle'}, '52': {'State': 'idle'}, '63': {'State': 'idle'}, '50': {'State': 'idle'}, '115': {'State': 'idle'}, '68': {'State': 'idle'}, '117': {'State': 'idle'}, '116': {'State': 'idle'}, '111': {'State': 'idle'}, '110': {'State': 'idle'}, '113': {'State': 'idle'}, '253': {'State': 'idle'}, '119': {'State': 'idle'}, '118': {'State': 'idle'}, '429': {'State': 'unsubmitted'}, '428': {'State': 'unsubmitted'}, '421': {'State': 'unsubmitted'}, '420': {'State': 'unsubmitted'}, '423': {'State': 'unsubmitted'}, '422': {'State': 'unsubmitted'}, '425': {'State': 'unsubmitted'}, '424': {'State': 'unsubmitted'}, '427': {'State': 'unsubmitted'}, '426': {'State': 'unsubmitted'}, '308': {'State': 'unsubmitted'}, '309': {'State': 'unsubmitted'}, '300': {'State': 'unsubmitted'}, '301': {'State': 'unsubmitted'}, '302': {'State': 'unsubmitted'}, '303': {'State': 'unsubmitted'}, '304': {'State': 'unsubmitted'}, '305': {'State': 'unsubmitted'}, '306': {'State': 'unsubmitted'}, '307': {'State': 'unsubmitted'}, '229': {'State': 'idle'}, '228': {'State': 'idle'}, '227': {'State': 'idle'}, '226': {'State': 'idle'}, '225': {'State': 'idle'}, '224': {'State': 'idle'}, '223': {'State': 'unsubmitted'}, '222': {'State': 'idle'}, '221': {'State': 'idle'}, '220': {'State': 'idle'}, '114': {'State': 'idle'}, '391': {'State': 'unsubmitted'}, '390': {'State': 'unsubmitted'}, '151': {'State': 'idle'}, '150': {'State': 'idle'}, '153': {'State': 'idle'}, '152': {'State': 'idle'}, '155': {'State': 'idle'}, '154': {'State': 'idle'}, '157': {'State': 'idle'}, '156': {'State': 'idle'}, '159': {'State': 'idle'}, '158': {'State': 'idle'}, '112': {'State': 'idle'}, '83': {'State': 'idle'}, '399': {'State': 'unsubmitted'}, '398': {'State': 'unsubmitted'}, '48': {'State': 'idle'}, '49': {'State': 'idle'}, '46': {'State': 'idle'}, '47': {'State': 'idle'}, '44': {'State': 'idle'}, '45': {'State': 'idle'}, '42': {'State': 'idle'}, '43': {'State': 'idle'}, '40': {'State': 'idle'}, '41': {'State': 'idle'}, '5': {'State': 'idle'}, '489': {'State': 'unsubmitted'}, '488': {'State': 'unsubmitted'}, '487': {'State': 'unsubmitted'}, '486': {'State': 'unsubmitted'}, '485': {'State': 'unsubmitted'}, '484': {'State': 'unsubmitted'}, '483': {'State': 'unsubmitted'}, '482': {'State': 'unsubmitted'}, '481': {'State': 'unsubmitted'}, '480': {'State': 'unsubmitted'}, '472': {'State': 'unsubmitted'}, '473': {'State': 'unsubmitted'}, '470': {'State': 'unsubmitted'}, '471': {'State': 'unsubmitted'}, '476': {'State': 'unsubmitted'}, '477': {'State': 'unsubmitted'}, '474': {'State': 'unsubmitted'}, '475': {'State': 'unsubmitted'}, '478': {'State': 'unsubmitted'}, '479': {'State': 'unsubmitted'}}, 'publication': {}, 'taskWarningMsg': [], 'publicationFailures': {}, 'outdatasets': None, 'statusFailureMsg': '', 'taskFailureMsg': '', 'failedJobdefs': 0, 'ASOURL': 'https://cmsweb.cern.ch/couchdb', 'totalJobdefs': 0, 'jobdefErrors': [], 'collector': 'cmssrv221.fnal.gov,vocms099.cern.ch', 'jobList': [['unsubmitted', 344], ['unsubmitted', 345], ['unsubmitted', 346], ['unsubmitted', 347], ['unsubmitted', 340], ['unsubmitted', 341], ['unsubmitted', 342], ['unsubmitted', 343], ['unsubmitted', 348], ['unsubmitted', 349], ['unsubmitted', 298], ['unsubmitted', 299], ['unsubmitted', 296], ['unsubmitted', 297], ['unsubmitted', 294], ['unsubmitted', 295], ['unsubmitted', 292], ['unsubmitted', 293], ['unsubmitted', 290], ['unsubmitted', 291], ['idle', 199], ['idle', 198], ['idle', 195], ['idle', 194], ['idle', 197], ['idle', 196], ['idle', 191], ['idle', 190], ['idle', 193], ['idle', 192], ['unsubmitted', 270], ['unsubmitted', 271], ['unsubmitted', 272], ['unsubmitted', 273], ['unsubmitted', 274], ['unsubmitted', 275], ['unsubmitted', 276], ['unsubmitted', 277], ['unsubmitted', 278], ['unsubmitted', 279], ['unsubmitted', 449], ['unsubmitted', 448], ['unsubmitted', 443], ['unsubmitted', 442], ['unsubmitted', 441], ['unsubmitted', 440], ['unsubmitted', 447], ['unsubmitted', 446], ['unsubmitted', 445], ['unsubmitted', 444], ['idle', 108], ['idle', 109], ['idle', 102], ['idle', 103], ['idle', 100], ['idle', 101], ['idle', 106], ['idle', 107], ['idle', 104], ['idle', 105], ['idle', 39], ['idle', 38], ['idle', 33], ['idle', 32], ['idle', 31], ['idle', 30], ['idle', 37], ['idle', 36], ['idle', 35], ['idle', 34], ['unsubmitted', 438], ['unsubmitted', 439], ['unsubmitted', 436], ['unsubmitted', 437], ['unsubmitted', 434], ['unsubmitted', 435], ['unsubmitted', 432], ['unsubmitted', 433], ['unsubmitted', 430], ['unsubmitted', 431], ['unsubmitted', 339], ['unsubmitted', 338], ['unsubmitted', 335], ['unsubmitted', 334], ['unsubmitted', 337], ['unsubmitted', 336], ['unsubmitted', 331], ['unsubmitted', 330], ['unsubmitted', 333], ['unsubmitted', 332], ['idle', 6], ['idle', 99], ['idle', 98], ['idle', 91], ['idle', 90], ['idle', 93], ['idle', 92], ['idle', 95], ['idle', 94], ['idle', 97], ['idle', 96], ['idle', 238], ['idle', 239], ['idle', 234], ['idle', 235], ['idle', 236], ['idle', 237], ['idle', 230], ['idle', 231], ['idle', 232], ['idle', 233], ['idle', 1], ['unsubmitted', 146], ['idle', 147], ['idle', 144], ['idle', 145], ['idle', 142], ['idle', 143], ['idle', 140], ['idle', 141], ['idle', 148], ['idle', 149], ['idle', 133], ['idle', 132], ['idle', 131], ['idle', 130], ['idle', 137], ['idle', 136], ['idle', 135], ['idle', 134], ['unsubmitted', 494], ['unsubmitted', 495], ['idle', 139], ['idle', 138], ['unsubmitted', 490], ['unsubmitted', 491], ['unsubmitted', 492], ['unsubmitted', 493], ['idle', 24], ['idle', 25], ['idle', 26], ['idle', 27], ['idle', 20], ['unsubmitted', 21], ['idle', 22], ['idle', 23], ['idle', 28], ['idle', 29], ['unsubmitted', 407], ['unsubmitted', 406], ['unsubmitted', 405], ['unsubmitted', 404], ['unsubmitted', 403], ['unsubmitted', 402], ['unsubmitted', 401], ['unsubmitted', 400], ['unsubmitted', 409], ['unsubmitted', 408], ['unsubmitted', 379], ['unsubmitted', 378], ['unsubmitted', 371], ['unsubmitted', 370], ['unsubmitted', 373], ['unsubmitted', 372], ['unsubmitted', 375], ['unsubmitted', 374], ['unsubmitted', 377], ['unsubmitted', 376], ['unsubmitted', 393], ['unsubmitted', 392], ['idle', 88], ['idle', 89], ['unsubmitted', 397], ['unsubmitted', 396], ['unsubmitted', 395], ['unsubmitted', 394], ['idle', 82], ['idle', 83], ['idle', 80], ['idle', 81], ['idle', 86], ['idle', 87], ['idle', 84], ['unsubmitted', 85], ['idle', 7], ['idle', 245], ['idle', 244], ['idle', 247], ['idle', 246], ['idle', 241], ['idle', 240], ['idle', 243], ['idle', 242], ['idle', 249], ['idle', 248], ['unsubmitted', 458], ['unsubmitted', 459], ['unsubmitted', 450], ['unsubmitted', 451], ['unsubmitted', 452], ['unsubmitted', 453], ['unsubmitted', 454], ['unsubmitted', 455], ['unsubmitted', 456], ['unsubmitted', 457], ['idle', 179], ['idle', 178], ['idle', 177], ['idle', 176], ['idle', 175], ['idle', 174], ['idle', 173], ['idle', 172], ['idle', 171], ['idle', 170], ['idle', 253], ['idle', 182], ['idle', 183], ['idle', 180], ['idle', 181], ['idle', 186], ['idle', 187], ['idle', 184], ['idle', 185], ['idle', 188], ['idle', 189], ['idle', 11], ['idle', 10], ['idle', 13], ['idle', 12], ['idle', 15], ['idle', 14], ['idle', 17], ['idle', 16], ['idle', 19], ['idle', 18], ['idle', 62], ['unsubmitted', 322], ['unsubmitted', 323], ['unsubmitted', 320], ['unsubmitted', 321], ['unsubmitted', 326], ['unsubmitted', 327], ['unsubmitted', 324], ['unsubmitted', 325], ['unsubmitted', 328], ['unsubmitted', 329], ['idle', 201], ['idle', 200], ['idle', 203], ['idle', 202], ['idle', 205], ['idle', 204], ['idle', 207], ['idle', 206], ['idle', 209], ['idle', 208], ['idle', 77], ['idle', 76], ['idle', 75], ['idle', 74], ['idle', 73], ['idle', 72], ['idle', 71], ['idle', 70], ['idle', 79], ['idle', 78], ['idle', 2], ['idle', 8], ['idle', 68], ['idle', 120], ['idle', 121], ['idle', 122], ['idle', 123], ['idle', 124], ['idle', 125], ['idle', 126], ['idle', 127], ['idle', 128], ['idle', 129], ['unsubmitted', 414], ['unsubmitted', 415], ['unsubmitted', 416], ['unsubmitted', 417], ['unsubmitted', 410], ['unsubmitted', 411], ['unsubmitted', 412], ['unsubmitted', 413], ['unsubmitted', 498], ['unsubmitted', 418], ['unsubmitted', 419], ['unsubmitted', 499], ['unsubmitted', 319], ['unsubmitted', 318], ['unsubmitted', 313], ['unsubmitted', 312], ['unsubmitted', 311], ['unsubmitted', 310], ['unsubmitted', 317], ['unsubmitted', 316], ['unsubmitted', 315], ['unsubmitted', 314], ['unsubmitted', 496], ['unsubmitted', 497], ['idle', 3], ['unsubmitted', 368], ['unsubmitted', 369], ['unsubmitted', 366], ['unsubmitted', 367], ['unsubmitted', 364], ['unsubmitted', 365], ['unsubmitted', 362], ['unsubmitted', 363], ['unsubmitted', 360], ['unsubmitted', 361], ['unsubmitted', 380], ['unsubmitted', 381], ['unsubmitted', 382], ['unsubmitted', 383], ['unsubmitted', 384], ['unsubmitted', 385], ['unsubmitted', 386], ['unsubmitted', 387], ['unsubmitted', 388], ['unsubmitted', 389], ['idle', 60], ['idle', 61], ['idle', 258], ['idle', 259], ['idle', 64], ['idle', 65], ['idle', 66], ['idle', 67], ['idle', 252], ['idle', 69], ['idle', 250], ['idle', 251], ['idle', 256], ['idle', 257], ['idle', 254], ['idle', 255], ['unsubmitted', 500], ['unsubmitted', 469], ['unsubmitted', 468], ['unsubmitted', 465], ['unsubmitted', 464], ['unsubmitted', 467], ['unsubmitted', 466], ['unsubmitted', 461], ['unsubmitted', 460], ['unsubmitted', 463], ['unsubmitted', 462], ['idle', 168], ['idle', 169], ['idle', 164], ['idle', 165], ['idle', 166], ['idle', 167], ['idle', 160], ['idle', 161], ['idle', 162], ['idle', 163], ['idle', 9], ['unsubmitted', 357], ['unsubmitted', 356], ['unsubmitted', 355], ['unsubmitted', 354], ['unsubmitted', 353], ['unsubmitted', 352], ['unsubmitted', 351], ['unsubmitted', 350], ['unsubmitted', 359], ['unsubmitted', 358], ['idle', 216], ['idle', 217], ['idle', 214], ['idle', 215], ['idle', 212], ['idle', 213], ['idle', 210], ['idle', 211], ['idle', 218], ['idle', 219], ['unsubmitted', 289], ['unsubmitted', 288], ['idle', 4], ['unsubmitted', 281], ['unsubmitted', 280], ['unsubmitted', 283], ['unsubmitted', 282], ['unsubmitted', 285], ['unsubmitted', 284], ['unsubmitted', 287], ['unsubmitted', 286], ['idle', 263], ['idle', 262], ['idle', 261], ['idle', 260], ['unsubmitted', 267], ['idle', 266], ['idle', 265], ['idle', 264], ['unsubmitted', 269], ['unsubmitted', 268], ['idle', 59], ['idle', 58], ['idle', 55], ['idle', 54], ['idle', 57], ['idle', 56], ['idle', 51], ['idle', 50], ['idle', 53], ['idle', 52], ['idle', 63], ['idle', 115], ['idle', 114], ['idle', 117], ['idle', 116], ['idle', 111], ['idle', 110], ['idle', 113], ['idle', 112], ['idle', 119], ['idle', 118], ['unsubmitted', 429], ['unsubmitted', 428], ['unsubmitted', 421], ['unsubmitted', 420], ['unsubmitted', 423], ['unsubmitted', 422], ['unsubmitted', 425], ['unsubmitted', 424], ['unsubmitted', 427], ['unsubmitted', 426], ['unsubmitted', 308], ['unsubmitted', 309], ['unsubmitted', 300], ['unsubmitted', 301], ['unsubmitted', 302], ['unsubmitted', 303], ['unsubmitted', 304], ['unsubmitted', 305], ['unsubmitted', 306], ['unsubmitted', 307], ['idle', 229], ['idle', 228], ['idle', 227], ['idle', 226], ['idle', 225], ['idle', 224], ['unsubmitted', 223], ['idle', 222], ['idle', 221], ['idle', 220], ['unsubmitted', 391], ['unsubmitted', 390], ['idle', 151], ['idle', 150], ['idle', 153], ['idle', 152], ['idle', 155], ['idle', 154], ['idle', 157], ['idle', 156], ['idle', 159], ['idle', 158], ['unsubmitted', 399], ['unsubmitted', 398], ['idle', 48], ['idle', 49], ['idle', 46], ['idle', 47], ['idle', 44], ['idle', 45], ['idle', 42], ['idle', 43], ['idle', 40], ['idle', 41], ['idle', 5], ['unsubmitted', 489], ['unsubmitted', 488], ['unsubmitted', 487], ['unsubmitted', 486], ['unsubmitted', 485], ['unsubmitted', 484], ['unsubmitted', 483], ['unsubmitted', 482], ['unsubmitted', 481], ['unsubmitted', 480], ['unsubmitted', 472], ['unsubmitted', 473], ['unsubmitted', 470], ['unsubmitted', 471], ['unsubmitted', 476], ['unsubmitted', 477], ['unsubmitted', 474], ['unsubmitted', 475], ['unsubmitted', 478], ['unsubmitted', 479]]}
INFO 2016-04-08 21:06:34,408: 	 CRAB project directory:		/uscms_data/d3/dildick/work/PR13364/CMSSW_8_1_0_pre2/src/CrabJobs/crab_projects/crab_SingleMuPt2-50Fwd_L1_ForPR13364
INFO 2016-04-08 21:06:34,408: 	 Task name:			160409_020327:dildick_crab_SingleMuPt2-50Fwd_L1_ForPR13364
INFO 2016-04-08 21:06:34,408: 	 Grid scheduler:			crab3-2@vocms0109.cern.ch
INFO 2016-04-08 21:06:34,408: 	 Task status:			SUBMITTED
INFO 2016-04-08 21:06:34,408: 	 Dashboard monitoring URL:	http://dashb-cms-job.cern.ch/dashboard/templates/task-analysis/#user=crab&refresh=0&table=Jobs&p=1&records=25&activemenu=2&status=&site=&tid=160409_020327%3Adildick_crab_SingleMuPt2-50Fwd_L1_ForPR13364
INFO 2016-04-08 21:06:34,409: 	 
Jobs status:			idle           52.4% (262/500)
INFO 2016-04-08 21:06:34,409: 	 				unsubmitted    47.6% (238/500)
INFO 2016-04-08 21:06:34,409: 	 
No publication information available yet
INFO 2016-04-08 21:06:34,414: 	 Log file is /uscms_data/d3/dildick/work/PR13364/CMSSW_8_1_0_pre2/src/CrabJobs/crab_projects/crab_SingleMuPt2-50Fwd_L1_ForPR13364/crab.log
DEBUG 2016-04-08 21:07:01,871: 	 Executing command: 'status'
DEBUG 2016-04-08 21:07:01,872: 	 Found CRAB cache file /uscms/home/dildick/.crab3
DEBUG 2016-04-08 21:07:01,915: 	 Checking credentials
DEBUG 2016-04-08 21:07:01,915: 	 Found proxy file /tmp/x509up_u47566
DEBUG 2016-04-08 21:07:01,915: 	 Getting proxy life time left
DEBUG 2016-04-08 21:07:02,118: 	 Executing : 
 command : voms-proxy-info -file /tmp/x509up_u47566 -timeleft
 output : 62232

 error: 
 retcode : 0
DEBUG 2016-04-08 21:07:02,223: 	 Executing : 
 command : voms-proxy-info -file /tmp/x509up_u47566 -actimeleft
 output : 62232

 error: 
 retcode : 0
DEBUG 2016-04-08 21:07:02,223: 	 Proxy valid for 17:17:12 hours
DEBUG 2016-04-08 21:07:02,337: 	 Executing : 
 command : openssl x509 -in ~/.globus/usercert.pem -subject -noout
 output : subject= /DC=ch/DC=cern/OU=Organic Units/OU=Users/CN=dildick/CN=710593/CN=Sven Dildick

 error: 
 retcode : 0
DEBUG 2016-04-08 21:07:02,337: 	 Checking credentials
DEBUG 2016-04-08 21:07:02,338: 	 Found proxy file /tmp/x509up_u47566
DEBUG 2016-04-08 21:07:02,338: 	 Getting proxy life time left
DEBUG 2016-04-08 21:07:02,441: 	 Executing : 
 command : voms-proxy-info -file /tmp/x509up_u47566 -timeleft
 output : 62232

 error: 
 retcode : 0
DEBUG 2016-04-08 21:07:02,544: 	 Executing : 
 command : voms-proxy-info -file /tmp/x509up_u47566 -actimeleft
 output : 62232

 error: 
 retcode : 0
DEBUG 2016-04-08 21:07:02,544: 	 Proxy valid for 17:17:12 hours
DEBUG 2016-04-08 21:07:03,743: 	 Registering user credentials for server /DC=ch/DC=cern/OU=computers/CN=vocms(045|052|021|031|0118|0118a|0119).cern.ch
DEBUG 2016-04-08 21:07:03,851: 	 Executing : 
 command : openssl x509 -in ~/.globus/usercert.pem -subject -noout
 output : subject= /DC=ch/DC=cern/OU=Organic Units/OU=Users/CN=dildick/CN=710593/CN=Sven Dildick

 error: 
 retcode : 0
DEBUG 2016-04-08 21:07:03,851: 	 Getting myproxy life time left for myproxy.cern.ch
DEBUG 2016-04-08 21:07:03,852: 	 Calculating hash of /DC=ch/DC=cern/OU=Organic Units/OU=Users/CN=dildick/CN=710593/CN=Sven Dildick_cmsweb.cern.ch for credential name
DEBUG 2016-04-08 21:07:05,658: 	 Executing : 
 command : myproxy-info -l e2139b447a1eb8f7d1b6ecf24ebb437edcb71c93 -s myproxy.cern.ch
 output : username: e2139b447a1eb8f7d1b6ecf24ebb437edcb71c93
owner: /DC=ch/DC=cern/OU=Organic Units/OU=Users/CN=dildick/CN=710593/CN=Sven Dildick
  renewal policy: /DC=ch/DC=cern/OU=computers/CN=vocms(045|052|021|031|0118|0118a|0119).cern.ch
  trusted retrieval policy: /DC=ch/DC=cern/OU=computers/CN=vocms(045|052|021|031|0118|0118a|0119).cern.ch
  timeleft: 547:27:00  (22.8 days)

 error: 
 retcode : 0
DEBUG 2016-04-08 21:07:05,659: 	 Myproxy is valid: 1970820
DEBUG 2016-04-08 21:07:05,660: 	 Command use: status
DEBUG 2016-04-08 21:07:05,660: 	 Options use: ['-d', 'crab_projects/crab_SingleMuPt2-50Fwd_L1_ForPR13364/']
DEBUG 2016-04-08 21:07:06,766: 	 CRABClient version: 3.3.1603.patch1
DEBUG 2016-04-08 21:07:06,766: 	 Instance is prod
DEBUG 2016-04-08 21:07:06,766: 	 Server base url is cmsweb.cern.ch
DEBUG 2016-04-08 21:07:06,766: 	 Command url /crabserver/prod/workflow
DEBUG 2016-04-08 21:07:06,766: 	 Looking up detailed status of task 160409_020327:dildick_crab_SingleMuPt2-50Fwd_L1_ForPR13364
DEBUG 2016-04-08 21:07:10,101: 	 {'status': 'SUBMITTED', 'schedd': 'crab3-2@vocms0109.cern.ch', 'jobsPerStatus': {'idle': 387, 'unsubmitted': 113}, 'jobs': {'344': {'State': 'idle'}, '345': {'State': 'idle'}, '346': {'State': 'idle'}, '347': {'State': 'idle'}, '340': {'State': 'idle'}, '341': {'State': 'idle'}, '342': {'State': 'idle'}, '343': {'State': 'idle'}, '348': {'State': 'unsubmitted'}, '349': {'State': 'idle'}, '298': {'State': 'idle'}, '299': {'State': 'idle'}, '296': {'State': 'idle'}, '297': {'State': 'idle'}, '294': {'State': 'idle'}, '295': {'State': 'idle'}, '292': {'State': 'idle'}, '293': {'State': 'idle'}, '290': {'State': 'idle'}, '291': {'State': 'idle'}, '199': {'State': 'idle'}, '198': {'State': 'idle'}, '195': {'State': 'idle'}, '194': {'State': 'idle'}, '197': {'State': 'idle'}, '196': {'State': 'idle'}, '191': {'State': 'idle'}, '190': {'State': 'idle'}, '193': {'State': 'idle'}, '192': {'State': 'idle'}, '270': {'State': 'idle'}, '271': {'State': 'idle'}, '272': {'State': 'idle'}, '273': {'State': 'idle'}, '274': {'State': 'idle'}, '275': {'State': 'idle'}, '276': {'State': 'idle'}, '277': {'State': 'idle'}, '278': {'State': 'idle'}, '279': {'State': 'idle'}, '449': {'State': 'unsubmitted'}, '448': {'State': 'unsubmitted'}, '443': {'State': 'unsubmitted'}, '442': {'State': 'unsubmitted'}, '441': {'State': 'unsubmitted'}, '440': {'State': 'unsubmitted'}, '447': {'State': 'unsubmitted'}, '446': {'State': 'unsubmitted'}, '445': {'State': 'unsubmitted'}, '444': {'State': 'unsubmitted'}, '108': {'State': 'idle'}, '109': {'State': 'idle'}, '102': {'State': 'idle'}, '103': {'State': 'idle'}, '100': {'State': 'idle'}, '101': {'State': 'idle'}, '106': {'State': 'idle'}, '107': {'State': 'idle'}, '104': {'State': 'idle'}, '105': {'State': 'idle'}, '39': {'State': 'idle'}, '38': {'State': 'idle'}, '33': {'State': 'idle'}, '32': {'State': 'idle'}, '31': {'State': 'idle'}, '30': {'State': 'idle'}, '37': {'State': 'idle'}, '36': {'State': 'idle'}, '35': {'State': 'idle'}, '34': {'State': 'idle'}, '438': {'State': 'unsubmitted'}, '439': {'State': 'unsubmitted'}, '436': {'State': 'unsubmitted'}, '437': {'State': 'unsubmitted'}, '434': {'State': 'unsubmitted'}, '435': {'State': 'unsubmitted'}, '432': {'State': 'unsubmitted'}, '433': {'State': 'unsubmitted'}, '430': {'State': 'unsubmitted'}, '431': {'State': 'unsubmitted'}, '339': {'State': 'idle'}, '338': {'State': 'idle'}, '335': {'State': 'idle'}, '334': {'State': 'idle'}, '337': {'State': 'idle'}, '336': {'State': 'idle'}, '331': {'State': 'idle'}, '330': {'State': 'idle'}, '333': {'State': 'idle'}, '332': {'State': 'idle'}, '6': {'State': 'idle'}, '99': {'State': 'idle'}, '98': {'State': 'idle'}, '91': {'State': 'idle'}, '90': {'State': 'idle'}, '93': {'State': 'idle'}, '92': {'State': 'idle'}, '95': {'State': 'idle'}, '94': {'State': 'idle'}, '97': {'State': 'idle'}, '96': {'State': 'idle'}, '238': {'State': 'idle'}, '239': {'State': 'idle'}, '234': {'State': 'idle'}, '235': {'State': 'idle'}, '236': {'State': 'idle'}, '237': {'State': 'idle'}, '230': {'State': 'idle'}, '231': {'State': 'idle'}, '232': {'State': 'idle'}, '233': {'State': 'idle'}, '1': {'State': 'idle'}, '146': {'State': 'unsubmitted'}, '147': {'State': 'idle'}, '144': {'State': 'idle'}, '145': {'State': 'idle'}, '142': {'State': 'idle'}, '143': {'State': 'idle'}, '140': {'State': 'idle'}, '141': {'State': 'idle'}, '148': {'State': 'idle'}, '149': {'State': 'idle'}, '133': {'State': 'idle'}, '132': {'State': 'idle'}, '131': {'State': 'idle'}, '130': {'State': 'idle'}, '137': {'State': 'idle'}, '136': {'State': 'idle'}, '135': {'State': 'idle'}, '134': {'State': 'idle'}, '494': {'State': 'unsubmitted'}, '495': {'State': 'unsubmitted'}, '139': {'State': 'idle'}, '138': {'State': 'idle'}, '490': {'State': 'unsubmitted'}, '491': {'State': 'unsubmitted'}, '492': {'State': 'unsubmitted'}, '493': {'State': 'unsubmitted'}, '24': {'State': 'idle'}, '25': {'State': 'idle'}, '26': {'State': 'idle'}, '27': {'State': 'idle'}, '20': {'State': 'idle'}, '21': {'State': 'unsubmitted'}, '22': {'State': 'idle'}, '23': {'State': 'idle'}, '28': {'State': 'idle'}, '29': {'State': 'idle'}, '407': {'State': 'unsubmitted'}, '406': {'State': 'unsubmitted'}, '405': {'State': 'unsubmitted'}, '404': {'State': 'unsubmitted'}, '403': {'State': 'unsubmitted'}, '402': {'State': 'unsubmitted'}, '401': {'State': 'unsubmitted'}, '400': {'State': 'unsubmitted'}, '409': {'State': 'unsubmitted'}, '408': {'State': 'unsubmitted'}, '379': {'State': 'idle'}, '378': {'State': 'idle'}, '371': {'State': 'idle'}, '370': {'State': 'idle'}, '373': {'State': 'idle'}, '372': {'State': 'idle'}, '375': {'State': 'idle'}, '374': {'State': 'idle'}, '377': {'State': 'idle'}, '376': {'State': 'idle'}, '393': {'State': 'idle'}, '392': {'State': 'unsubmitted'}, '88': {'State': 'idle'}, '89': {'State': 'idle'}, '397': {'State': 'unsubmitted'}, '396': {'State': 'unsubmitted'}, '395': {'State': 'unsubmitted'}, '394': {'State': 'idle'}, '82': {'State': 'idle'}, '181': {'State': 'idle'}, '80': {'State': 'idle'}, '81': {'State': 'idle'}, '86': {'State': 'idle'}, '87': {'State': 'idle'}, '84': {'State': 'idle'}, '85': {'State': 'unsubmitted'}, '7': {'State': 'idle'}, '245': {'State': 'idle'}, '244': {'State': 'idle'}, '247': {'State': 'idle'}, '246': {'State': 'idle'}, '241': {'State': 'idle'}, '240': {'State': 'idle'}, '243': {'State': 'idle'}, '242': {'State': 'idle'}, '249': {'State': 'idle'}, '248': {'State': 'idle'}, '458': {'State': 'unsubmitted'}, '459': {'State': 'unsubmitted'}, '450': {'State': 'unsubmitted'}, '451': {'State': 'unsubmitted'}, '452': {'State': 'unsubmitted'}, '453': {'State': 'unsubmitted'}, '454': {'State': 'unsubmitted'}, '455': {'State': 'unsubmitted'}, '456': {'State': 'unsubmitted'}, '457': {'State': 'unsubmitted'}, '179': {'State': 'idle'}, '178': {'State': 'idle'}, '177': {'State': 'idle'}, '176': {'State': 'idle'}, '175': {'State': 'idle'}, '174': {'State': 'idle'}, '173': {'State': 'idle'}, '172': {'State': 'idle'}, '171': {'State': 'idle'}, '170': {'State': 'idle'}, '182': {'State': 'idle'}, '183': {'State': 'idle'}, '180': {'State': 'idle'}, '2': {'State': 'idle'}, '186': {'State': 'idle'}, '187': {'State': 'idle'}, '184': {'State': 'idle'}, '185': {'State': 'idle'}, '188': {'State': 'idle'}, '189': {'State': 'idle'}, '11': {'State': 'idle'}, '10': {'State': 'idle'}, '13': {'State': 'idle'}, '12': {'State': 'idle'}, '15': {'State': 'idle'}, '14': {'State': 'idle'}, '17': {'State': 'idle'}, '16': {'State': 'idle'}, '19': {'State': 'idle'}, '18': {'State': 'idle'}, '322': {'State': 'idle'}, '323': {'State': 'idle'}, '320': {'State': 'idle'}, '321': {'State': 'idle'}, '326': {'State': 'idle'}, '327': {'State': 'idle'}, '324': {'State': 'idle'}, '325': {'State': 'idle'}, '328': {'State': 'idle'}, '329': {'State': 'idle'}, '201': {'State': 'idle'}, '200': {'State': 'idle'}, '203': {'State': 'idle'}, '202': {'State': 'idle'}, '205': {'State': 'idle'}, '204': {'State': 'idle'}, '207': {'State': 'idle'}, '206': {'State': 'idle'}, '209': {'State': 'idle'}, '208': {'State': 'idle'}, '77': {'State': 'idle'}, '76': {'State': 'idle'}, '75': {'State': 'idle'}, '74': {'State': 'idle'}, '73': {'State': 'idle'}, '72': {'State': 'idle'}, '71': {'State': 'idle'}, '70': {'State': 'idle'}, '79': {'State': 'idle'}, '78': {'State': 'idle'}, '8': {'State': 'idle'}, '120': {'State': 'idle'}, '121': {'State': 'idle'}, '122': {'State': 'idle'}, '123': {'State': 'idle'}, '124': {'State': 'idle'}, '125': {'State': 'idle'}, '126': {'State': 'idle'}, '127': {'State': 'idle'}, '128': {'State': 'idle'}, '129': {'State': 'idle'}, '414': {'State': 'unsubmitted'}, '415': {'State': 'unsubmitted'}, '416': {'State': 'unsubmitted'}, '417': {'State': 'unsubmitted'}, '410': {'State': 'unsubmitted'}, '411': {'State': 'unsubmitted'}, '412': {'State': 'unsubmitted'}, '413': {'State': 'unsubmitted'}, '498': {'State': 'unsubmitted'}, '418': {'State': 'unsubmitted'}, '419': {'State': 'unsubmitted'}, '499': {'State': 'unsubmitted'}, '319': {'State': 'idle'}, '318': {'State': 'idle'}, '313': {'State': 'idle'}, '312': {'State': 'idle'}, '311': {'State': 'idle'}, '310': {'State': 'idle'}, '317': {'State': 'idle'}, '316': {'State': 'idle'}, '315': {'State': 'idle'}, '314': {'State': 'idle'}, '496': {'State': 'unsubmitted'}, '497': {'State': 'unsubmitted'}, '3': {'State': 'idle'}, '368': {'State': 'idle'}, '369': {'State': 'idle'}, '366': {'State': 'idle'}, '367': {'State': 'idle'}, '364': {'State': 'idle'}, '365': {'State': 'idle'}, '362': {'State': 'idle'}, '363': {'State': 'idle'}, '360': {'State': 'idle'}, '361': {'State': 'idle'}, '380': {'State': 'idle'}, '381': {'State': 'idle'}, '382': {'State': 'idle'}, '383': {'State': 'idle'}, '384': {'State': 'idle'}, '385': {'State': 'idle'}, '386': {'State': 'idle'}, '387': {'State': 'idle'}, '388': {'State': 'idle'}, '389': {'State': 'idle'}, '60': {'State': 'idle'}, '61': {'State': 'idle'}, '258': {'State': 'idle'}, '259': {'State': 'idle'}, '64': {'State': 'idle'}, '65': {'State': 'idle'}, '66': {'State': 'idle'}, '67': {'State': 'idle'}, '252': {'State': 'idle'}, '69': {'State': 'idle'}, '250': {'State': 'idle'}, '251': {'State': 'idle'}, '256': {'State': 'idle'}, '257': {'State': 'idle'}, '254': {'State': 'idle'}, '255': {'State': 'idle'}, '500': {'State': 'unsubmitted'}, '469': {'State': 'unsubmitted'}, '468': {'State': 'unsubmitted'}, '465': {'State': 'unsubmitted'}, '464': {'State': 'unsubmitted'}, '467': {'State': 'unsubmitted'}, '466': {'State': 'unsubmitted'}, '461': {'State': 'unsubmitted'}, '460': {'State': 'unsubmitted'}, '463': {'State': 'unsubmitted'}, '462': {'State': 'unsubmitted'}, '168': {'State': 'idle'}, '169': {'State': 'idle'}, '164': {'State': 'idle'}, '165': {'State': 'idle'}, '166': {'State': 'idle'}, '167': {'State': 'idle'}, '160': {'State': 'idle'}, '161': {'State': 'idle'}, '162': {'State': 'idle'}, '163': {'State': 'idle'}, '9': {'State': 'idle'}, '357': {'State': 'idle'}, '356': {'State': 'idle'}, '355': {'State': 'idle'}, '354': {'State': 'idle'}, '353': {'State': 'idle'}, '352': {'State': 'idle'}, '351': {'State': 'idle'}, '350': {'State': 'idle'}, '359': {'State': 'idle'}, '358': {'State': 'idle'}, '216': {'State': 'idle'}, '217': {'State': 'idle'}, '214': {'State': 'idle'}, '215': {'State': 'idle'}, '212': {'State': 'idle'}, '213': {'State': 'idle'}, '210': {'State': 'idle'}, '211': {'State': 'idle'}, '218': {'State': 'idle'}, '219': {'State': 'idle'}, '289': {'State': 'idle'}, '288': {'State': 'idle'}, '4': {'State': 'idle'}, '281': {'State': 'idle'}, '280': {'State': 'idle'}, '283': {'State': 'idle'}, '282': {'State': 'idle'}, '285': {'State': 'idle'}, '284': {'State': 'idle'}, '287': {'State': 'unsubmitted'}, '286': {'State': 'idle'}, '263': {'State': 'idle'}, '262': {'State': 'idle'}, '261': {'State': 'idle'}, '260': {'State': 'idle'}, '267': {'State': 'idle'}, '266': {'State': 'idle'}, '265': {'State': 'idle'}, '264': {'State': 'idle'}, '269': {'State': 'idle'}, '268': {'State': 'idle'}, '59': {'State': 'idle'}, '58': {'State': 'idle'}, '55': {'State': 'idle'}, '54': {'State': 'idle'}, '57': {'State': 'idle'}, '56': {'State': 'idle'}, '51': {'State': 'idle'}, '62': {'State': 'idle'}, '53': {'State': 'idle'}, '52': {'State': 'idle'}, '63': {'State': 'idle'}, '50': {'State': 'idle'}, '115': {'State': 'idle'}, '68': {'State': 'idle'}, '117': {'State': 'idle'}, '116': {'State': 'idle'}, '111': {'State': 'idle'}, '110': {'State': 'idle'}, '113': {'State': 'idle'}, '253': {'State': 'idle'}, '119': {'State': 'idle'}, '118': {'State': 'idle'}, '429': {'State': 'unsubmitted'}, '428': {'State': 'unsubmitted'}, '421': {'State': 'unsubmitted'}, '420': {'State': 'unsubmitted'}, '423': {'State': 'unsubmitted'}, '422': {'State': 'unsubmitted'}, '425': {'State': 'unsubmitted'}, '424': {'State': 'unsubmitted'}, '427': {'State': 'unsubmitted'}, '426': {'State': 'unsubmitted'}, '308': {'State': 'idle'}, '309': {'State': 'idle'}, '300': {'State': 'idle'}, '301': {'State': 'idle'}, '302': {'State': 'idle'}, '303': {'State': 'idle'}, '304': {'State': 'idle'}, '305': {'State': 'idle'}, '306': {'State': 'idle'}, '307': {'State': 'idle'}, '229': {'State': 'idle'}, '228': {'State': 'idle'}, '227': {'State': 'idle'}, '226': {'State': 'idle'}, '225': {'State': 'idle'}, '224': {'State': 'idle'}, '223': {'State': 'unsubmitted'}, '222': {'State': 'idle'}, '221': {'State': 'idle'}, '220': {'State': 'idle'}, '114': {'State': 'idle'}, '391': {'State': 'idle'}, '390': {'State': 'idle'}, '151': {'State': 'idle'}, '150': {'State': 'idle'}, '153': {'State': 'idle'}, '152': {'State': 'idle'}, '155': {'State': 'idle'}, '154': {'State': 'idle'}, '157': {'State': 'idle'}, '156': {'State': 'idle'}, '159': {'State': 'idle'}, '158': {'State': 'idle'}, '112': {'State': 'idle'}, '83': {'State': 'idle'}, '399': {'State': 'unsubmitted'}, '398': {'State': 'unsubmitted'}, '48': {'State': 'idle'}, '49': {'State': 'idle'}, '46': {'State': 'idle'}, '47': {'State': 'idle'}, '44': {'State': 'idle'}, '45': {'State': 'idle'}, '42': {'State': 'idle'}, '43': {'State': 'idle'}, '40': {'State': 'idle'}, '41': {'State': 'idle'}, '5': {'State': 'idle'}, '489': {'State': 'unsubmitted'}, '488': {'State': 'unsubmitted'}, '487': {'State': 'unsubmitted'}, '486': {'State': 'unsubmitted'}, '485': {'State': 'unsubmitted'}, '484': {'State': 'unsubmitted'}, '483': {'State': 'unsubmitted'}, '482': {'State': 'unsubmitted'}, '481': {'State': 'unsubmitted'}, '480': {'State': 'unsubmitted'}, '472': {'State': 'unsubmitted'}, '473': {'State': 'unsubmitted'}, '470': {'State': 'unsubmitted'}, '471': {'State': 'unsubmitted'}, '476': {'State': 'unsubmitted'}, '477': {'State': 'unsubmitted'}, '474': {'State': 'unsubmitted'}, '475': {'State': 'unsubmitted'}, '478': {'State': 'unsubmitted'}, '479': {'State': 'unsubmitted'}}, 'publication': {}, 'taskWarningMsg': [], 'publicationFailures': {}, 'outdatasets': None, 'statusFailureMsg': '', 'taskFailureMsg': '', 'failedJobdefs': 0, 'ASOURL': 'https://cmsweb.cern.ch/couchdb', 'totalJobdefs': 0, 'jobdefErrors': [], 'collector': 'cmssrv221.fnal.gov,vocms099.cern.ch', 'jobList': [['idle', 344], ['idle', 345], ['idle', 346], ['idle', 347], ['idle', 340], ['idle', 341], ['idle', 342], ['idle', 343], ['unsubmitted', 348], ['idle', 349], ['idle', 298], ['idle', 299], ['idle', 296], ['idle', 297], ['idle', 294], ['idle', 295], ['idle', 292], ['idle', 293], ['idle', 290], ['idle', 291], ['idle', 199], ['idle', 198], ['idle', 195], ['idle', 194], ['idle', 197], ['idle', 196], ['idle', 191], ['idle', 190], ['idle', 193], ['idle', 192], ['idle', 270], ['idle', 271], ['idle', 272], ['idle', 273], ['idle', 274], ['idle', 275], ['idle', 276], ['idle', 277], ['idle', 278], ['idle', 279], ['unsubmitted', 449], ['unsubmitted', 448], ['unsubmitted', 443], ['unsubmitted', 442], ['unsubmitted', 441], ['unsubmitted', 440], ['unsubmitted', 447], ['unsubmitted', 446], ['unsubmitted', 445], ['unsubmitted', 444], ['idle', 108], ['idle', 109], ['idle', 102], ['idle', 103], ['idle', 100], ['idle', 101], ['idle', 106], ['idle', 107], ['idle', 104], ['idle', 105], ['idle', 39], ['idle', 38], ['idle', 33], ['idle', 32], ['idle', 31], ['idle', 30], ['idle', 37], ['idle', 36], ['idle', 35], ['idle', 34], ['unsubmitted', 438], ['unsubmitted', 439], ['unsubmitted', 436], ['unsubmitted', 437], ['unsubmitted', 434], ['unsubmitted', 435], ['unsubmitted', 432], ['unsubmitted', 433], ['unsubmitted', 430], ['unsubmitted', 431], ['idle', 339], ['idle', 338], ['idle', 335], ['idle', 334], ['idle', 337], ['idle', 336], ['idle', 331], ['idle', 330], ['idle', 333], ['idle', 332], ['idle', 6], ['idle', 99], ['idle', 98], ['idle', 91], ['idle', 90], ['idle', 93], ['idle', 92], ['idle', 95], ['idle', 94], ['idle', 97], ['idle', 96], ['idle', 238], ['idle', 239], ['idle', 234], ['idle', 235], ['idle', 236], ['idle', 237], ['idle', 230], ['idle', 231], ['idle', 232], ['idle', 233], ['idle', 1], ['unsubmitted', 146], ['idle', 147], ['idle', 144], ['idle', 145], ['idle', 142], ['idle', 143], ['idle', 140], ['idle', 141], ['idle', 148], ['idle', 149], ['idle', 133], ['idle', 132], ['idle', 131], ['idle', 130], ['idle', 137], ['idle', 136], ['idle', 135], ['idle', 134], ['unsubmitted', 494], ['unsubmitted', 495], ['idle', 139], ['idle', 138], ['unsubmitted', 490], ['unsubmitted', 491], ['unsubmitted', 492], ['unsubmitted', 493], ['idle', 24], ['idle', 25], ['idle', 26], ['idle', 27], ['idle', 20], ['unsubmitted', 21], ['idle', 22], ['idle', 23], ['idle', 28], ['idle', 29], ['unsubmitted', 407], ['unsubmitted', 406], ['unsubmitted', 405], ['unsubmitted', 404], ['unsubmitted', 403], ['unsubmitted', 402], ['unsubmitted', 401], ['unsubmitted', 400], ['unsubmitted', 409], ['unsubmitted', 408], ['idle', 379], ['idle', 378], ['idle', 371], ['idle', 370], ['idle', 373], ['idle', 372], ['idle', 375], ['idle', 374], ['idle', 377], ['idle', 376], ['idle', 393], ['unsubmitted', 392], ['idle', 88], ['idle', 89], ['unsubmitted', 397], ['unsubmitted', 396], ['unsubmitted', 395], ['idle', 394], ['idle', 82], ['idle', 83], ['idle', 80], ['idle', 81], ['idle', 86], ['idle', 87], ['idle', 84], ['unsubmitted', 85], ['idle', 7], ['idle', 245], ['idle', 244], ['idle', 247], ['idle', 246], ['idle', 241], ['idle', 240], ['idle', 243], ['idle', 242], ['idle', 249], ['idle', 248], ['unsubmitted', 458], ['unsubmitted', 459], ['unsubmitted', 450], ['unsubmitted', 451], ['unsubmitted', 452], ['unsubmitted', 453], ['unsubmitted', 454], ['unsubmitted', 455], ['unsubmitted', 456], ['unsubmitted', 457], ['idle', 179], ['idle', 178], ['idle', 177], ['idle', 176], ['idle', 175], ['idle', 174], ['idle', 173], ['idle', 172], ['idle', 171], ['idle', 170], ['idle', 253], ['idle', 182], ['idle', 183], ['idle', 180], ['idle', 181], ['idle', 186], ['idle', 187], ['idle', 184], ['idle', 185], ['idle', 188], ['idle', 189], ['idle', 11], ['idle', 10], ['idle', 13], ['idle', 12], ['idle', 15], ['idle', 14], ['idle', 17], ['idle', 16], ['idle', 19], ['idle', 18], ['idle', 62], ['idle', 322], ['idle', 323], ['idle', 320], ['idle', 321], ['idle', 326], ['idle', 327], ['idle', 324], ['idle', 325], ['idle', 328], ['idle', 329], ['idle', 201], ['idle', 200], ['idle', 203], ['idle', 202], ['idle', 205], ['idle', 204], ['idle', 207], ['idle', 206], ['idle', 209], ['idle', 208], ['idle', 77], ['idle', 76], ['idle', 75], ['idle', 74], ['idle', 73], ['idle', 72], ['idle', 71], ['idle', 70], ['idle', 79], ['idle', 78], ['idle', 2], ['idle', 8], ['idle', 68], ['idle', 120], ['idle', 121], ['idle', 122], ['idle', 123], ['idle', 124], ['idle', 125], ['idle', 126], ['idle', 127], ['idle', 128], ['idle', 129], ['unsubmitted', 414], ['unsubmitted', 415], ['unsubmitted', 416], ['unsubmitted', 417], ['unsubmitted', 410], ['unsubmitted', 411], ['unsubmitted', 412], ['unsubmitted', 413], ['unsubmitted', 498], ['unsubmitted', 418], ['unsubmitted', 419], ['unsubmitted', 499], ['idle', 319], ['idle', 318], ['idle', 313], ['idle', 312], ['idle', 311], ['idle', 310], ['idle', 317], ['idle', 316], ['idle', 315], ['idle', 314], ['unsubmitted', 496], ['unsubmitted', 497], ['idle', 3], ['idle', 368], ['idle', 369], ['idle', 366], ['idle', 367], ['idle', 364], ['idle', 365], ['idle', 362], ['idle', 363], ['idle', 360], ['idle', 361], ['idle', 380], ['idle', 381], ['idle', 382], ['idle', 383], ['idle', 384], ['idle', 385], ['idle', 386], ['idle', 387], ['idle', 388], ['idle', 389], ['idle', 60], ['idle', 61], ['idle', 258], ['idle', 259], ['idle', 64], ['idle', 65], ['idle', 66], ['idle', 67], ['idle', 252], ['idle', 69], ['idle', 250], ['idle', 251], ['idle', 256], ['idle', 257], ['idle', 254], ['idle', 255], ['unsubmitted', 500], ['unsubmitted', 469], ['unsubmitted', 468], ['unsubmitted', 465], ['unsubmitted', 464], ['unsubmitted', 467], ['unsubmitted', 466], ['unsubmitted', 461], ['unsubmitted', 460], ['unsubmitted', 463], ['unsubmitted', 462], ['idle', 168], ['idle', 169], ['idle', 164], ['idle', 165], ['idle', 166], ['idle', 167], ['idle', 160], ['idle', 161], ['idle', 162], ['idle', 163], ['idle', 9], ['idle', 357], ['idle', 356], ['idle', 355], ['idle', 354], ['idle', 353], ['idle', 352], ['idle', 351], ['idle', 350], ['idle', 359], ['idle', 358], ['idle', 216], ['idle', 217], ['idle', 214], ['idle', 215], ['idle', 212], ['idle', 213], ['idle', 210], ['idle', 211], ['idle', 218], ['idle', 219], ['idle', 289], ['idle', 288], ['idle', 4], ['idle', 281], ['idle', 280], ['idle', 283], ['idle', 282], ['idle', 285], ['idle', 284], ['unsubmitted', 287], ['idle', 286], ['idle', 263], ['idle', 262], ['idle', 261], ['idle', 260], ['idle', 267], ['idle', 266], ['idle', 265], ['idle', 264], ['idle', 269], ['idle', 268], ['idle', 59], ['idle', 58], ['idle', 55], ['idle', 54], ['idle', 57], ['idle', 56], ['idle', 51], ['idle', 50], ['idle', 53], ['idle', 52], ['idle', 63], ['idle', 115], ['idle', 114], ['idle', 117], ['idle', 116], ['idle', 111], ['idle', 110], ['idle', 113], ['idle', 112], ['idle', 119], ['idle', 118], ['unsubmitted', 429], ['unsubmitted', 428], ['unsubmitted', 421], ['unsubmitted', 420], ['unsubmitted', 423], ['unsubmitted', 422], ['unsubmitted', 425], ['unsubmitted', 424], ['unsubmitted', 427], ['unsubmitted', 426], ['idle', 308], ['idle', 309], ['idle', 300], ['idle', 301], ['idle', 302], ['idle', 303], ['idle', 304], ['idle', 305], ['idle', 306], ['idle', 307], ['idle', 229], ['idle', 228], ['idle', 227], ['idle', 226], ['idle', 225], ['idle', 224], ['unsubmitted', 223], ['idle', 222], ['idle', 221], ['idle', 220], ['idle', 391], ['idle', 390], ['idle', 151], ['idle', 150], ['idle', 153], ['idle', 152], ['idle', 155], ['idle', 154], ['idle', 157], ['idle', 156], ['idle', 159], ['idle', 158], ['unsubmitted', 399], ['unsubmitted', 398], ['idle', 48], ['idle', 49], ['idle', 46], ['idle', 47], ['idle', 44], ['idle', 45], ['idle', 42], ['idle', 43], ['idle', 40], ['idle', 41], ['idle', 5], ['unsubmitted', 489], ['unsubmitted', 488], ['unsubmitted', 487], ['unsubmitted', 486], ['unsubmitted', 485], ['unsubmitted', 484], ['unsubmitted', 483], ['unsubmitted', 482], ['unsubmitted', 481], ['unsubmitted', 480], ['unsubmitted', 472], ['unsubmitted', 473], ['unsubmitted', 470], ['unsubmitted', 471], ['unsubmitted', 476], ['unsubmitted', 477], ['unsubmitted', 474], ['unsubmitted', 475], ['unsubmitted', 478], ['unsubmitted', 479]]}
INFO 2016-04-08 21:07:10,101: 	 CRAB project directory:		/uscms_data/d3/dildick/work/PR13364/CMSSW_8_1_0_pre2/src/CrabJobs/crab_projects/crab_SingleMuPt2-50Fwd_L1_ForPR13364
INFO 2016-04-08 21:07:10,101: 	 Task name:			160409_020327:dildick_crab_SingleMuPt2-50Fwd_L1_ForPR13364
INFO 2016-04-08 21:07:10,102: 	 Grid scheduler:			crab3-2@vocms0109.cern.ch
INFO 2016-04-08 21:07:10,102: 	 Task status:			SUBMITTED
INFO 2016-04-08 21:07:10,102: 	 Dashboard monitoring URL:	http://dashb-cms-job.cern.ch/dashboard/templates/task-analysis/#user=crab&refresh=0&table=Jobs&p=1&records=25&activemenu=2&status=&site=&tid=160409_020327%3Adildick_crab_SingleMuPt2-50Fwd_L1_ForPR13364
INFO 2016-04-08 21:07:10,102: 	 
Jobs status:			idle           77.4% (387/500)
INFO 2016-04-08 21:07:10,102: 	 				unsubmitted    22.6% (113/500)
INFO 2016-04-08 21:07:10,102: 	 
No publication information available yet
INFO 2016-04-08 21:07:10,108: 	 Log file is /uscms_data/d3/dildick/work/PR13364/CMSSW_8_1_0_pre2/src/CrabJobs/crab_projects/crab_SingleMuPt2-50Fwd_L1_ForPR13364/crab.log
DEBUG 2016-04-08 22:22:44,702: 	 Executing command: 'status'
DEBUG 2016-04-08 22:22:44,702: 	 Found CRAB cache file /uscms/home/dildick/.crab3
DEBUG 2016-04-08 22:22:44,735: 	 Checking credentials
DEBUG 2016-04-08 22:22:44,735: 	 Found proxy file /tmp/x509up_u47566
DEBUG 2016-04-08 22:22:44,735: 	 Getting proxy life time left
DEBUG 2016-04-08 22:22:44,838: 	 Executing : 
 command : voms-proxy-info -file /tmp/x509up_u47566 -timeleft
 output : 57690

 error: 
 retcode : 0
DEBUG 2016-04-08 22:22:44,941: 	 Executing : 
 command : voms-proxy-info -file /tmp/x509up_u47566 -actimeleft
 output : 57690

 error: 
 retcode : 0
DEBUG 2016-04-08 22:22:44,942: 	 Proxy valid for 16:01:30 hours
DEBUG 2016-04-08 22:22:45,060: 	 Executing : 
 command : openssl x509 -in ~/.globus/usercert.pem -subject -noout
 output : subject= /DC=ch/DC=cern/OU=Organic Units/OU=Users/CN=dildick/CN=710593/CN=Sven Dildick

 error: 
 retcode : 0
DEBUG 2016-04-08 22:22:45,060: 	 Checking credentials
DEBUG 2016-04-08 22:22:45,060: 	 Found proxy file /tmp/x509up_u47566
DEBUG 2016-04-08 22:22:45,060: 	 Getting proxy life time left
DEBUG 2016-04-08 22:22:45,163: 	 Executing : 
 command : voms-proxy-info -file /tmp/x509up_u47566 -timeleft
 output : 57689

 error: 
 retcode : 0
DEBUG 2016-04-08 22:22:45,267: 	 Executing : 
 command : voms-proxy-info -file /tmp/x509up_u47566 -actimeleft
 output : 57689

 error: 
 retcode : 0
DEBUG 2016-04-08 22:22:45,267: 	 Proxy valid for 16:01:29 hours
DEBUG 2016-04-08 22:22:46,492: 	 Registering user credentials for server /DC=ch/DC=cern/OU=computers/CN=vocms(045|052|021|031|0118|0118a|0119).cern.ch
DEBUG 2016-04-08 22:22:46,601: 	 Executing : 
 command : openssl x509 -in ~/.globus/usercert.pem -subject -noout
 output : subject= /DC=ch/DC=cern/OU=Organic Units/OU=Users/CN=dildick/CN=710593/CN=Sven Dildick

 error: 
 retcode : 0
DEBUG 2016-04-08 22:22:46,601: 	 Getting myproxy life time left for myproxy.cern.ch
DEBUG 2016-04-08 22:22:46,602: 	 Calculating hash of /DC=ch/DC=cern/OU=Organic Units/OU=Users/CN=dildick/CN=710593/CN=Sven Dildick_cmsweb.cern.ch for credential name
DEBUG 2016-04-08 22:22:47,807: 	 Executing : 
 command : myproxy-info -l e2139b447a1eb8f7d1b6ecf24ebb437edcb71c93 -s myproxy.cern.ch
 output : username: e2139b447a1eb8f7d1b6ecf24ebb437edcb71c93
owner: /DC=ch/DC=cern/OU=Organic Units/OU=Users/CN=dildick/CN=710593/CN=Sven Dildick
  renewal policy: /DC=ch/DC=cern/OU=computers/CN=vocms(045|052|021|031|0118|0118a|0119).cern.ch
  trusted retrieval policy: /DC=ch/DC=cern/OU=computers/CN=vocms(045|052|021|031|0118|0118a|0119).cern.ch
  timeleft: 546:11:18  (22.8 days)

 error: 
 retcode : 0
DEBUG 2016-04-08 22:22:47,808: 	 Myproxy is valid: 1966278
DEBUG 2016-04-08 22:22:47,809: 	 Command use: status
DEBUG 2016-04-08 22:22:47,809: 	 Options use: ['-d', 'crab_projects/crab_SingleMuPt2-50Fwd_L1_ForPR13364/']
DEBUG 2016-04-08 22:22:48,931: 	 CRABClient version: 3.3.1603.patch1
DEBUG 2016-04-08 22:22:48,931: 	 Instance is prod
DEBUG 2016-04-08 22:22:48,931: 	 Server base url is cmsweb.cern.ch
DEBUG 2016-04-08 22:22:48,932: 	 Command url /crabserver/prod/workflow
DEBUG 2016-04-08 22:22:48,932: 	 Looking up detailed status of task 160409_020327:dildick_crab_SingleMuPt2-50Fwd_L1_ForPR13364
DEBUG 2016-04-08 22:22:50,726: 	 {'status': 'COMPLETED', 'schedd': 'crab3-2@vocms0109.cern.ch', 'jobsPerStatus': {'finished': 500}, 'jobs': {'344': {'State': 'finished'}, '345': {'State': 'finished'}, '346': {'State': 'finished'}, '347': {'State': 'finished'}, '340': {'State': 'finished'}, '341': {'State': 'finished'}, '342': {'State': 'finished'}, '343': {'State': 'finished'}, '348': {'State': 'finished'}, '349': {'State': 'finished'}, '298': {'State': 'finished'}, '299': {'State': 'finished'}, '296': {'State': 'finished'}, '297': {'State': 'finished'}, '294': {'State': 'finished'}, '295': {'State': 'finished'}, '292': {'State': 'finished'}, '293': {'State': 'finished'}, '290': {'State': 'finished'}, '291': {'State': 'finished'}, '199': {'State': 'finished'}, '198': {'State': 'finished'}, '195': {'State': 'finished'}, '194': {'State': 'finished'}, '197': {'State': 'finished'}, '196': {'State': 'finished'}, '191': {'State': 'finished'}, '190': {'State': 'finished'}, '193': {'State': 'finished'}, '192': {'State': 'finished'}, '270': {'State': 'finished'}, '271': {'State': 'finished'}, '272': {'State': 'finished'}, '273': {'State': 'finished'}, '274': {'State': 'finished'}, '275': {'State': 'finished'}, '276': {'State': 'finished'}, '277': {'State': 'finished'}, '278': {'State': 'finished'}, '279': {'State': 'finished'}, '449': {'State': 'finished'}, '448': {'State': 'finished'}, '443': {'State': 'finished'}, '442': {'State': 'finished'}, '441': {'State': 'finished'}, '440': {'State': 'finished'}, '447': {'State': 'finished'}, '446': {'State': 'finished'}, '445': {'State': 'finished'}, '444': {'State': 'finished'}, '108': {'State': 'finished'}, '109': {'State': 'finished'}, '102': {'State': 'finished'}, '103': {'State': 'finished'}, '100': {'State': 'finished'}, '101': {'State': 'finished'}, '106': {'State': 'finished'}, '107': {'State': 'finished'}, '104': {'State': 'finished'}, '105': {'State': 'finished'}, '39': {'State': 'finished'}, '38': {'State': 'finished'}, '33': {'State': 'finished'}, '32': {'State': 'finished'}, '31': {'State': 'finished'}, '30': {'State': 'finished'}, '37': {'State': 'finished'}, '36': {'State': 'finished'}, '35': {'State': 'finished'}, '34': {'State': 'finished'}, '438': {'State': 'finished'}, '439': {'State': 'finished'}, '436': {'State': 'finished'}, '437': {'State': 'finished'}, '434': {'State': 'finished'}, '435': {'State': 'finished'}, '432': {'State': 'finished'}, '433': {'State': 'finished'}, '430': {'State': 'finished'}, '431': {'State': 'finished'}, '339': {'State': 'finished'}, '338': {'State': 'finished'}, '335': {'State': 'finished'}, '334': {'State': 'finished'}, '337': {'State': 'finished'}, '336': {'State': 'finished'}, '331': {'State': 'finished'}, '330': {'State': 'finished'}, '333': {'State': 'finished'}, '332': {'State': 'finished'}, '6': {'State': 'finished'}, '99': {'State': 'finished'}, '98': {'State': 'finished'}, '91': {'State': 'finished'}, '90': {'State': 'finished'}, '93': {'State': 'finished'}, '92': {'State': 'finished'}, '95': {'State': 'finished'}, '94': {'State': 'finished'}, '97': {'State': 'finished'}, '96': {'State': 'finished'}, '238': {'State': 'finished'}, '239': {'State': 'finished'}, '234': {'State': 'finished'}, '235': {'State': 'finished'}, '236': {'State': 'finished'}, '237': {'State': 'finished'}, '230': {'State': 'finished'}, '231': {'State': 'finished'}, '232': {'State': 'finished'}, '233': {'State': 'finished'}, '1': {'State': 'finished'}, '146': {'State': 'finished'}, '147': {'State': 'finished'}, '144': {'State': 'finished'}, '145': {'State': 'finished'}, '142': {'State': 'finished'}, '143': {'State': 'finished'}, '140': {'State': 'finished'}, '141': {'State': 'finished'}, '148': {'State': 'finished'}, '149': {'State': 'finished'}, '133': {'State': 'finished'}, '132': {'State': 'finished'}, '131': {'State': 'finished'}, '130': {'State': 'finished'}, '137': {'State': 'finished'}, '136': {'State': 'finished'}, '135': {'State': 'finished'}, '134': {'State': 'finished'}, '494': {'State': 'finished'}, '495': {'State': 'finished'}, '139': {'State': 'finished'}, '138': {'State': 'finished'}, '490': {'State': 'finished'}, '491': {'State': 'finished'}, '492': {'State': 'finished'}, '493': {'State': 'finished'}, '24': {'State': 'finished'}, '25': {'State': 'finished'}, '26': {'State': 'finished'}, '27': {'State': 'finished'}, '20': {'State': 'finished'}, '21': {'State': 'finished'}, '22': {'State': 'finished'}, '23': {'State': 'finished'}, '28': {'State': 'finished'}, '29': {'State': 'finished'}, '407': {'State': 'finished'}, '406': {'State': 'finished'}, '405': {'State': 'finished'}, '404': {'State': 'finished'}, '403': {'State': 'finished'}, '402': {'State': 'finished'}, '401': {'State': 'finished'}, '400': {'State': 'finished'}, '409': {'State': 'finished'}, '408': {'State': 'finished'}, '379': {'State': 'finished'}, '378': {'State': 'finished'}, '371': {'State': 'finished'}, '370': {'State': 'finished'}, '373': {'State': 'finished'}, '372': {'State': 'finished'}, '375': {'State': 'finished'}, '374': {'State': 'finished'}, '377': {'State': 'finished'}, '376': {'State': 'finished'}, '393': {'State': 'finished'}, '392': {'State': 'finished'}, '88': {'State': 'finished'}, '89': {'State': 'finished'}, '397': {'State': 'finished'}, '396': {'State': 'finished'}, '395': {'State': 'finished'}, '394': {'State': 'finished'}, '82': {'State': 'finished'}, '181': {'State': 'finished'}, '80': {'State': 'finished'}, '81': {'State': 'finished'}, '86': {'State': 'finished'}, '87': {'State': 'finished'}, '84': {'State': 'finished'}, '85': {'State': 'finished'}, '7': {'State': 'finished'}, '245': {'State': 'finished'}, '244': {'State': 'finished'}, '247': {'State': 'finished'}, '246': {'State': 'finished'}, '241': {'State': 'finished'}, '240': {'State': 'finished'}, '243': {'State': 'finished'}, '242': {'State': 'finished'}, '249': {'State': 'finished'}, '248': {'State': 'finished'}, '458': {'State': 'finished'}, '459': {'State': 'finished'}, '450': {'State': 'finished'}, '451': {'State': 'finished'}, '452': {'State': 'finished'}, '453': {'State': 'finished'}, '454': {'State': 'finished'}, '455': {'State': 'finished'}, '456': {'State': 'finished'}, '457': {'State': 'finished'}, '179': {'State': 'finished'}, '178': {'State': 'finished'}, '177': {'State': 'finished'}, '176': {'State': 'finished'}, '175': {'State': 'finished'}, '174': {'State': 'finished'}, '173': {'State': 'finished'}, '172': {'State': 'finished'}, '171': {'State': 'finished'}, '170': {'State': 'finished'}, '182': {'State': 'finished'}, '183': {'State': 'finished'}, '180': {'State': 'finished'}, '2': {'State': 'finished'}, '186': {'State': 'finished'}, '187': {'State': 'finished'}, '184': {'State': 'finished'}, '185': {'State': 'finished'}, '188': {'State': 'finished'}, '189': {'State': 'finished'}, '11': {'State': 'finished'}, '10': {'State': 'finished'}, '13': {'State': 'finished'}, '12': {'State': 'finished'}, '15': {'State': 'finished'}, '14': {'State': 'finished'}, '17': {'State': 'finished'}, '16': {'State': 'finished'}, '19': {'State': 'finished'}, '18': {'State': 'finished'}, '322': {'State': 'finished'}, '323': {'State': 'finished'}, '320': {'State': 'finished'}, '321': {'State': 'finished'}, '326': {'State': 'finished'}, '327': {'State': 'finished'}, '324': {'State': 'finished'}, '325': {'State': 'finished'}, '328': {'State': 'finished'}, '329': {'State': 'finished'}, '201': {'State': 'finished'}, '200': {'State': 'finished'}, '203': {'State': 'finished'}, '202': {'State': 'finished'}, '205': {'State': 'finished'}, '204': {'State': 'finished'}, '207': {'State': 'finished'}, '206': {'State': 'finished'}, '209': {'State': 'finished'}, '208': {'State': 'finished'}, '77': {'State': 'finished'}, '76': {'State': 'finished'}, '75': {'State': 'finished'}, '74': {'State': 'finished'}, '73': {'State': 'finished'}, '72': {'State': 'finished'}, '71': {'State': 'finished'}, '70': {'State': 'finished'}, '79': {'State': 'finished'}, '78': {'State': 'finished'}, '8': {'State': 'finished'}, '120': {'State': 'finished'}, '121': {'State': 'finished'}, '122': {'State': 'finished'}, '123': {'State': 'finished'}, '124': {'State': 'finished'}, '125': {'State': 'finished'}, '126': {'State': 'finished'}, '127': {'State': 'finished'}, '128': {'State': 'finished'}, '129': {'State': 'finished'}, '414': {'State': 'finished'}, '415': {'State': 'finished'}, '416': {'State': 'finished'}, '417': {'State': 'finished'}, '410': {'State': 'finished'}, '411': {'State': 'finished'}, '412': {'State': 'finished'}, '413': {'State': 'finished'}, '498': {'State': 'finished'}, '418': {'State': 'finished'}, '419': {'State': 'finished'}, '499': {'State': 'finished'}, '319': {'State': 'finished'}, '318': {'State': 'finished'}, '313': {'State': 'finished'}, '312': {'State': 'finished'}, '311': {'State': 'finished'}, '310': {'State': 'finished'}, '317': {'State': 'finished'}, '316': {'State': 'finished'}, '315': {'State': 'finished'}, '314': {'State': 'finished'}, '496': {'State': 'finished'}, '497': {'State': 'finished'}, '3': {'State': 'finished'}, '368': {'State': 'finished'}, '369': {'State': 'finished'}, '366': {'State': 'finished'}, '367': {'State': 'finished'}, '364': {'State': 'finished'}, '365': {'State': 'finished'}, '362': {'State': 'finished'}, '363': {'State': 'finished'}, '360': {'State': 'finished'}, '361': {'State': 'finished'}, '380': {'State': 'finished'}, '381': {'State': 'finished'}, '382': {'State': 'finished'}, '383': {'State': 'finished'}, '384': {'State': 'finished'}, '385': {'State': 'finished'}, '386': {'State': 'finished'}, '387': {'State': 'finished'}, '388': {'State': 'finished'}, '389': {'State': 'finished'}, '60': {'State': 'finished'}, '61': {'State': 'finished'}, '258': {'State': 'finished'}, '259': {'State': 'finished'}, '64': {'State': 'finished'}, '65': {'State': 'finished'}, '66': {'State': 'finished'}, '67': {'State': 'finished'}, '252': {'State': 'finished'}, '69': {'State': 'finished'}, '250': {'State': 'finished'}, '251': {'State': 'finished'}, '256': {'State': 'finished'}, '257': {'State': 'finished'}, '254': {'State': 'finished'}, '255': {'State': 'finished'}, '500': {'State': 'finished'}, '469': {'State': 'finished'}, '468': {'State': 'finished'}, '465': {'State': 'finished'}, '464': {'State': 'finished'}, '467': {'State': 'finished'}, '466': {'State': 'finished'}, '461': {'State': 'finished'}, '460': {'State': 'finished'}, '463': {'State': 'finished'}, '462': {'State': 'finished'}, '168': {'State': 'finished'}, '169': {'State': 'finished'}, '164': {'State': 'finished'}, '165': {'State': 'finished'}, '166': {'State': 'finished'}, '167': {'State': 'finished'}, '160': {'State': 'finished'}, '161': {'State': 'finished'}, '162': {'State': 'finished'}, '163': {'State': 'finished'}, '9': {'State': 'finished'}, '357': {'State': 'finished'}, '356': {'State': 'finished'}, '355': {'State': 'finished'}, '354': {'State': 'finished'}, '353': {'State': 'finished'}, '352': {'State': 'finished'}, '351': {'State': 'finished'}, '350': {'State': 'finished'}, '359': {'State': 'finished'}, '358': {'State': 'finished'}, '216': {'State': 'finished'}, '217': {'State': 'finished'}, '214': {'State': 'finished'}, '215': {'State': 'finished'}, '212': {'State': 'finished'}, '213': {'State': 'finished'}, '210': {'State': 'finished'}, '211': {'State': 'finished'}, '218': {'State': 'finished'}, '219': {'State': 'finished'}, '289': {'State': 'finished'}, '288': {'State': 'finished'}, '4': {'State': 'finished'}, '281': {'State': 'finished'}, '280': {'State': 'finished'}, '283': {'State': 'finished'}, '282': {'State': 'finished'}, '285': {'State': 'finished'}, '284': {'State': 'finished'}, '287': {'State': 'finished'}, '286': {'State': 'finished'}, '263': {'State': 'finished'}, '262': {'State': 'finished'}, '261': {'State': 'finished'}, '260': {'State': 'finished'}, '267': {'State': 'finished'}, '266': {'State': 'finished'}, '265': {'State': 'finished'}, '264': {'State': 'finished'}, '269': {'State': 'finished'}, '268': {'State': 'finished'}, '59': {'State': 'finished'}, '58': {'State': 'finished'}, '55': {'State': 'finished'}, '54': {'State': 'finished'}, '57': {'State': 'finished'}, '56': {'State': 'finished'}, '51': {'State': 'finished'}, '62': {'State': 'finished'}, '53': {'State': 'finished'}, '52': {'State': 'finished'}, '63': {'State': 'finished'}, '50': {'State': 'finished'}, '115': {'State': 'finished'}, '68': {'State': 'finished'}, '117': {'State': 'finished'}, '116': {'State': 'finished'}, '111': {'State': 'finished'}, '110': {'State': 'finished'}, '113': {'State': 'finished'}, '253': {'State': 'finished'}, '119': {'State': 'finished'}, '118': {'State': 'finished'}, '429': {'State': 'finished'}, '428': {'State': 'finished'}, '421': {'State': 'finished'}, '420': {'State': 'finished'}, '423': {'State': 'finished'}, '422': {'State': 'finished'}, '425': {'State': 'finished'}, '424': {'State': 'finished'}, '427': {'State': 'finished'}, '426': {'State': 'finished'}, '308': {'State': 'finished'}, '309': {'State': 'finished'}, '300': {'State': 'finished'}, '301': {'State': 'finished'}, '302': {'State': 'finished'}, '303': {'State': 'finished'}, '304': {'State': 'finished'}, '305': {'State': 'finished'}, '306': {'State': 'finished'}, '307': {'State': 'finished'}, '229': {'State': 'finished'}, '228': {'State': 'finished'}, '227': {'State': 'finished'}, '226': {'State': 'finished'}, '225': {'State': 'finished'}, '224': {'State': 'finished'}, '223': {'State': 'finished'}, '222': {'State': 'finished'}, '221': {'State': 'finished'}, '220': {'State': 'finished'}, '114': {'State': 'finished'}, '391': {'State': 'finished'}, '390': {'State': 'finished'}, '151': {'State': 'finished'}, '150': {'State': 'finished'}, '153': {'State': 'finished'}, '152': {'State': 'finished'}, '155': {'State': 'finished'}, '154': {'State': 'finished'}, '157': {'State': 'finished'}, '156': {'State': 'finished'}, '159': {'State': 'finished'}, '158': {'State': 'finished'}, '112': {'State': 'finished'}, '83': {'State': 'finished'}, '399': {'State': 'finished'}, '398': {'State': 'finished'}, '48': {'State': 'finished'}, '49': {'State': 'finished'}, '46': {'State': 'finished'}, '47': {'State': 'finished'}, '44': {'State': 'finished'}, '45': {'State': 'finished'}, '42': {'State': 'finished'}, '43': {'State': 'finished'}, '40': {'State': 'finished'}, '41': {'State': 'finished'}, '5': {'State': 'finished'}, '489': {'State': 'finished'}, '488': {'State': 'finished'}, '487': {'State': 'finished'}, '486': {'State': 'finished'}, '485': {'State': 'finished'}, '484': {'State': 'finished'}, '483': {'State': 'finished'}, '482': {'State': 'finished'}, '481': {'State': 'finished'}, '480': {'State': 'finished'}, '472': {'State': 'finished'}, '473': {'State': 'finished'}, '470': {'State': 'finished'}, '471': {'State': 'finished'}, '476': {'State': 'finished'}, '477': {'State': 'finished'}, '474': {'State': 'finished'}, '475': {'State': 'finished'}, '478': {'State': 'finished'}, '479': {'State': 'finished'}}, 'publication': {'publishing': 0, 'publication_failed': 0, 'not_published': 0, 'published': 500}, 'taskWarningMsg': [], 'publicationFailures': {}, 'outdatasets': ['/SingleMuPt2-50Fwd_GEN_SIM_ForPR13364/dildick-SingleMuPt2-50Fwd_L1_ForPR13364-5d841d2a5d22edeb4f31f3b1d9a8abd0/USER'], 'statusFailureMsg': '', 'taskFailureMsg': '', 'failedJobdefs': 0, 'ASOURL': 'https://cmsweb.cern.ch/couchdb', 'totalJobdefs': 0, 'jobdefErrors': [], 'collector': 'cmssrv221.fnal.gov,vocms099.cern.ch', 'jobList': [['finished', 344], ['finished', 345], ['finished', 346], ['finished', 347], ['finished', 340], ['finished', 341], ['finished', 342], ['finished', 343], ['finished', 348], ['finished', 349], ['finished', 298], ['finished', 299], ['finished', 296], ['finished', 297], ['finished', 294], ['finished', 295], ['finished', 292], ['finished', 293], ['finished', 290], ['finished', 291], ['finished', 199], ['finished', 198], ['finished', 195], ['finished', 194], ['finished', 197], ['finished', 196], ['finished', 191], ['finished', 190], ['finished', 193], ['finished', 192], ['finished', 270], ['finished', 271], ['finished', 272], ['finished', 273], ['finished', 274], ['finished', 275], ['finished', 276], ['finished', 277], ['finished', 278], ['finished', 279], ['finished', 449], ['finished', 448], ['finished', 443], ['finished', 442], ['finished', 441], ['finished', 440], ['finished', 447], ['finished', 446], ['finished', 445], ['finished', 444], ['finished', 108], ['finished', 109], ['finished', 102], ['finished', 103], ['finished', 100], ['finished', 101], ['finished', 106], ['finished', 107], ['finished', 104], ['finished', 105], ['finished', 39], ['finished', 38], ['finished', 33], ['finished', 32], ['finished', 31], ['finished', 30], ['finished', 37], ['finished', 36], ['finished', 35], ['finished', 34], ['finished', 438], ['finished', 439], ['finished', 436], ['finished', 437], ['finished', 434], ['finished', 435], ['finished', 432], ['finished', 433], ['finished', 430], ['finished', 431], ['finished', 339], ['finished', 338], ['finished', 335], ['finished', 334], ['finished', 337], ['finished', 336], ['finished', 331], ['finished', 330], ['finished', 333], ['finished', 332], ['finished', 6], ['finished', 99], ['finished', 98], ['finished', 91], ['finished', 90], ['finished', 93], ['finished', 92], ['finished', 95], ['finished', 94], ['finished', 97], ['finished', 96], ['finished', 238], ['finished', 239], ['finished', 234], ['finished', 235], ['finished', 236], ['finished', 237], ['finished', 230], ['finished', 231], ['finished', 232], ['finished', 233], ['finished', 1], ['finished', 146], ['finished', 147], ['finished', 144], ['finished', 145], ['finished', 142], ['finished', 143], ['finished', 140], ['finished', 141], ['finished', 148], ['finished', 149], ['finished', 133], ['finished', 132], ['finished', 131], ['finished', 130], ['finished', 137], ['finished', 136], ['finished', 135], ['finished', 134], ['finished', 494], ['finished', 495], ['finished', 139], ['finished', 138], ['finished', 490], ['finished', 491], ['finished', 492], ['finished', 493], ['finished', 24], ['finished', 25], ['finished', 26], ['finished', 27], ['finished', 20], ['finished', 21], ['finished', 22], ['finished', 23], ['finished', 28], ['finished', 29], ['finished', 407], ['finished', 406], ['finished', 405], ['finished', 404], ['finished', 403], ['finished', 402], ['finished', 401], ['finished', 400], ['finished', 409], ['finished', 408], ['finished', 379], ['finished', 378], ['finished', 371], ['finished', 370], ['finished', 373], ['finished', 372], ['finished', 375], ['finished', 374], ['finished', 377], ['finished', 376], ['finished', 393], ['finished', 392], ['finished', 88], ['finished', 89], ['finished', 397], ['finished', 396], ['finished', 395], ['finished', 394], ['finished', 82], ['finished', 83], ['finished', 80], ['finished', 81], ['finished', 86], ['finished', 87], ['finished', 84], ['finished', 85], ['finished', 7], ['finished', 245], ['finished', 244], ['finished', 247], ['finished', 246], ['finished', 241], ['finished', 240], ['finished', 243], ['finished', 242], ['finished', 249], ['finished', 248], ['finished', 458], ['finished', 459], ['finished', 450], ['finished', 451], ['finished', 452], ['finished', 453], ['finished', 454], ['finished', 455], ['finished', 456], ['finished', 457], ['finished', 179], ['finished', 178], ['finished', 177], ['finished', 176], ['finished', 175], ['finished', 174], ['finished', 173], ['finished', 172], ['finished', 171], ['finished', 170], ['finished', 253], ['finished', 182], ['finished', 183], ['finished', 180], ['finished', 181], ['finished', 186], ['finished', 187], ['finished', 184], ['finished', 185], ['finished', 188], ['finished', 189], ['finished', 11], ['finished', 10], ['finished', 13], ['finished', 12], ['finished', 15], ['finished', 14], ['finished', 17], ['finished', 16], ['finished', 19], ['finished', 18], ['finished', 62], ['finished', 322], ['finished', 323], ['finished', 320], ['finished', 321], ['finished', 326], ['finished', 327], ['finished', 324], ['finished', 325], ['finished', 328], ['finished', 329], ['finished', 201], ['finished', 200], ['finished', 203], ['finished', 202], ['finished', 205], ['finished', 204], ['finished', 207], ['finished', 206], ['finished', 209], ['finished', 208], ['finished', 77], ['finished', 76], ['finished', 75], ['finished', 74], ['finished', 73], ['finished', 72], ['finished', 71], ['finished', 70], ['finished', 79], ['finished', 78], ['finished', 2], ['finished', 8], ['finished', 68], ['finished', 120], ['finished', 121], ['finished', 122], ['finished', 123], ['finished', 124], ['finished', 125], ['finished', 126], ['finished', 127], ['finished', 128], ['finished', 129], ['finished', 414], ['finished', 415], ['finished', 416], ['finished', 417], ['finished', 410], ['finished', 411], ['finished', 412], ['finished', 413], ['finished', 498], ['finished', 418], ['finished', 419], ['finished', 499], ['finished', 319], ['finished', 318], ['finished', 313], ['finished', 312], ['finished', 311], ['finished', 310], ['finished', 317], ['finished', 316], ['finished', 315], ['finished', 314], ['finished', 496], ['finished', 497], ['finished', 3], ['finished', 368], ['finished', 369], ['finished', 366], ['finished', 367], ['finished', 364], ['finished', 365], ['finished', 362], ['finished', 363], ['finished', 360], ['finished', 361], ['finished', 380], ['finished', 381], ['finished', 382], ['finished', 383], ['finished', 384], ['finished', 385], ['finished', 386], ['finished', 387], ['finished', 388], ['finished', 389], ['finished', 60], ['finished', 61], ['finished', 258], ['finished', 259], ['finished', 64], ['finished', 65], ['finished', 66], ['finished', 67], ['finished', 252], ['finished', 69], ['finished', 250], ['finished', 251], ['finished', 256], ['finished', 257], ['finished', 254], ['finished', 255], ['finished', 500], ['finished', 469], ['finished', 468], ['finished', 465], ['finished', 464], ['finished', 467], ['finished', 466], ['finished', 461], ['finished', 460], ['finished', 463], ['finished', 462], ['finished', 168], ['finished', 169], ['finished', 164], ['finished', 165], ['finished', 166], ['finished', 167], ['finished', 160], ['finished', 161], ['finished', 162], ['finished', 163], ['finished', 9], ['finished', 357], ['finished', 356], ['finished', 355], ['finished', 354], ['finished', 353], ['finished', 352], ['finished', 351], ['finished', 350], ['finished', 359], ['finished', 358], ['finished', 216], ['finished', 217], ['finished', 214], ['finished', 215], ['finished', 212], ['finished', 213], ['finished', 210], ['finished', 211], ['finished', 218], ['finished', 219], ['finished', 289], ['finished', 288], ['finished', 4], ['finished', 281], ['finished', 280], ['finished', 283], ['finished', 282], ['finished', 285], ['finished', 284], ['finished', 287], ['finished', 286], ['finished', 263], ['finished', 262], ['finished', 261], ['finished', 260], ['finished', 267], ['finished', 266], ['finished', 265], ['finished', 264], ['finished', 269], ['finished', 268], ['finished', 59], ['finished', 58], ['finished', 55], ['finished', 54], ['finished', 57], ['finished', 56], ['finished', 51], ['finished', 50], ['finished', 53], ['finished', 52], ['finished', 63], ['finished', 115], ['finished', 114], ['finished', 117], ['finished', 116], ['finished', 111], ['finished', 110], ['finished', 113], ['finished', 112], ['finished', 119], ['finished', 118], ['finished', 429], ['finished', 428], ['finished', 421], ['finished', 420], ['finished', 423], ['finished', 422], ['finished', 425], ['finished', 424], ['finished', 427], ['finished', 426], ['finished', 308], ['finished', 309], ['finished', 300], ['finished', 301], ['finished', 302], ['finished', 303], ['finished', 304], ['finished', 305], ['finished', 306], ['finished', 307], ['finished', 229], ['finished', 228], ['finished', 227], ['finished', 226], ['finished', 225], ['finished', 224], ['finished', 223], ['finished', 222], ['finished', 221], ['finished', 220], ['finished', 391], ['finished', 390], ['finished', 151], ['finished', 150], ['finished', 153], ['finished', 152], ['finished', 155], ['finished', 154], ['finished', 157], ['finished', 156], ['finished', 159], ['finished', 158], ['finished', 399], ['finished', 398], ['finished', 48], ['finished', 49], ['finished', 46], ['finished', 47], ['finished', 44], ['finished', 45], ['finished', 42], ['finished', 43], ['finished', 40], ['finished', 41], ['finished', 5], ['finished', 489], ['finished', 488], ['finished', 487], ['finished', 486], ['finished', 485], ['finished', 484], ['finished', 483], ['finished', 482], ['finished', 481], ['finished', 480], ['finished', 472], ['finished', 473], ['finished', 470], ['finished', 471], ['finished', 476], ['finished', 477], ['finished', 474], ['finished', 475], ['finished', 478], ['finished', 479]]}
INFO 2016-04-08 22:22:50,726: 	 CRAB project directory:		/uscms_data/d3/dildick/work/PR13364/CMSSW_8_1_0_pre2/src/CrabJobs/crab_projects/crab_SingleMuPt2-50Fwd_L1_ForPR13364
INFO 2016-04-08 22:22:50,726: 	 Task name:			160409_020327:dildick_crab_SingleMuPt2-50Fwd_L1_ForPR13364
INFO 2016-04-08 22:22:50,726: 	 Grid scheduler:			crab3-2@vocms0109.cern.ch
INFO 2016-04-08 22:22:50,727: 	 Task status:			COMPLETED
INFO 2016-04-08 22:22:50,727: 	 Dashboard monitoring URL:	http://dashb-cms-job.cern.ch/dashboard/templates/task-analysis/#user=crab&refresh=0&table=Jobs&p=1&records=25&activemenu=2&status=&site=&tid=160409_020327%3Adildick_crab_SingleMuPt2-50Fwd_L1_ForPR13364
INFO 2016-04-08 22:22:50,727: 	 
Jobs status:			finished      100.0% (500/500)
INFO 2016-04-08 22:22:50,727: 	 
Publication status:		finished      100.0% (500/500)
INFO 2016-04-08 22:22:50,727: 	 
Output dataset:			/SingleMuPt2-50Fwd_GEN_SIM_ForPR13364/dildick-SingleMuPt2-50Fwd_L1_ForPR13364-5d841d2a5d22edeb4f31f3b1d9a8abd0/USER
Output dataset DAS URL:		https://cmsweb.cern.ch/das/request?input=%2FSingleMuPt2-50Fwd_GEN_SIM_ForPR13364%2Fdildick-SingleMuPt2-50Fwd_L1_ForPR13364-5d841d2a5d22edeb4f31f3b1d9a8abd0%2FUSER&instance=prod%2Fphys03
INFO 2016-04-08 22:22:50,733: 	 Log file is /uscms_data/d3/dildick/work/PR13364/CMSSW_8_1_0_pre2/src/CrabJobs/crab_projects/crab_SingleMuPt2-50Fwd_L1_ForPR13364/crab.log
